{"/Users/b.c.nims/ExaContract/tinder/src/schemas/index.ts": {"path":"/Users/b.c.nims/ExaContract/tinder/src/schemas/index.ts","statementMap":{"0":{"start":{"line":169,"column":40},"end":{"line":169,"column":57}},"1":{"start":{"line":7,"column":0},"end":{"line":7,"column":9}},"2":{"start":{"line":169,"column":9},"end":{"line":7,"column":118}},"3":{"start":{"line":8,"column":0},"end":{"line":8,"column":59}},"4":{"start":{"line":9,"column":0},"end":{"line":9,"column":59}},"5":{"start":{"line":10,"column":0},"end":{"line":10,"column":63}},"6":{"start":{"line":11,"column":0},"end":{"line":11,"column":56}},"7":{"start":{"line":12,"column":0},"end":{"line":12,"column":70}},"8":{"start":{"line":13,"column":0},"end":{"line":13,"column":37}},"9":{"start":{"line":23,"column":10},"end":{"line":23,"column":55}},"10":{"start":{"line":24,"column":10},"end":{"line":24,"column":39}},"11":{"start":{"line":44,"column":4},"end":{"line":44,"column":30}},"12":{"start":{"line":47,"column":19},"end":{"line":47,"column":81}},"13":{"start":{"line":49,"column":4},"end":{"line":53,"column":5}},"14":{"start":{"line":50,"column":20},"end":{"line":50,"column":101}},"15":{"start":{"line":51,"column":6},"end":{"line":51,"column":34}},"16":{"start":{"line":52,"column":6},"end":{"line":52,"column":18}},"17":{"start":{"line":56,"column":59},"end":{"line":60,"column":6}},"18":{"start":{"line":63,"column":19},"end":{"line":63,"column":85}},"19":{"start":{"line":66,"column":4},"end":{"line":66,"column":35}},"20":{"start":{"line":68,"column":4},"end":{"line":68,"column":18}},"21":{"start":{"line":79,"column":4},"end":{"line":81,"column":5}},"22":{"start":{"line":80,"column":6},"end":{"line":80,"column":62}},"23":{"start":{"line":84,"column":27},"end":{"line":84,"column":46}},"24":{"start":{"line":85,"column":4},"end":{"line":87,"column":5}},"25":{"start":{"line":86,"column":6},"end":{"line":86,"column":127}},"26":{"start":{"line":90,"column":4},"end":{"line":92,"column":5}},"27":{"start":{"line":91,"column":6},"end":{"line":91,"column":75}},"28":{"start":{"line":102,"column":4},"end":{"line":105,"column":5}},"29":{"start":{"line":103,"column":6},"end":{"line":103,"column":49}},"30":{"start":{"line":104,"column":6},"end":{"line":104,"column":13}},"31":{"start":{"line":107,"column":4},"end":{"line":107,"column":43}},"32":{"start":{"line":109,"column":4},"end":{"line":138,"column":5}},"33":{"start":{"line":111,"column":6},"end":{"line":111,"column":28}},"34":{"start":{"line":112,"column":6},"end":{"line":112,"column":28}},"35":{"start":{"line":113,"column":6},"end":{"line":113,"column":32}},"36":{"start":{"line":116,"column":6},"end":{"line":116,"column":28}},"37":{"start":{"line":117,"column":6},"end":{"line":117,"column":35}},"38":{"start":{"line":120,"column":24},"end":{"line":120,"column":56}},"39":{"start":{"line":121,"column":6},"end":{"line":121,"column":60}},"40":{"start":{"line":124,"column":25},"end":{"line":124,"column":67}},"41":{"start":{"line":125,"column":28},"end":{"line":125,"column":73}},"42":{"start":{"line":126,"column":30},"end":{"line":126,"column":77}},"43":{"start":{"line":127,"column":28},"end":{"line":127,"column":73}},"44":{"start":{"line":129,"column":6},"end":{"line":129,"column":56}},"45":{"start":{"line":130,"column":6},"end":{"line":130,"column":62}},"46":{"start":{"line":131,"column":6},"end":{"line":131,"column":66}},"47":{"start":{"line":132,"column":6},"end":{"line":132,"column":62}},"48":{"start":{"line":134,"column":6},"end":{"line":134,"column":30}},"49":{"start":{"line":136,"column":6},"end":{"line":136,"column":57}},"50":{"start":{"line":137,"column":6},"end":{"line":137,"column":54}},"51":{"start":{"line":147,"column":4},"end":{"line":147,"column":28}},"52":{"start":{"line":156,"column":4},"end":{"line":156,"column":46}},"53":{"start":{"line":161,"column":22},"end":{"line":161,"column":53}},"54":{"start":{"line":169,"column":25},"end":{"line":169,"column":38}},"55":{"start":{"line":165,"column":2},"end":{"line":165,"column":36}}},"fnMap":{"0":{"name":"(anonymous_1)","decl":{"start":{"line":169,"column":9},"end":{"line":169,"column":23}},"loc":{"start":{"line":169,"column":9},"end":{"line":7,"column":118}}},"1":{"name":"(anonymous_2)","decl":{"start":{"line":22,"column":0},"end":{"line":22,"column":6}},"loc":{"start":{"line":22,"column":0},"end":{"line":158,"column":1}}},"2":{"name":"(anonymous_3)","decl":{"start":{"line":36,"column":9},"end":{"line":36,"column":23}},"loc":{"start":{"line":41,"column":52},"end":{"line":69,"column":3}}},"3":{"name":"(anonymous_4)","decl":{"start":{"line":77,"column":10},"end":{"line":77,"column":26}},"loc":{"start":{"line":77,"column":39},"end":{"line":93,"column":3}}},"4":{"name":"(anonymous_5)","decl":{"start":{"line":101,"column":9},"end":{"line":101,"column":26}},"loc":{"start":{"line":101,"column":26},"end":{"line":139,"column":3}}},"5":{"name":"(anonymous_6)","decl":{"start":{"line":146,"column":9},"end":{"line":146,"column":22}},"loc":{"start":{"line":146,"column":22},"end":{"line":148,"column":3}}},"6":{"name":"(anonymous_7)","decl":{"start":{"line":155,"column":9},"end":{"line":155,"column":31}},"loc":{"start":{"line":155,"column":31},"end":{"line":157,"column":3}}},"7":{"name":"initializeSchemas","decl":{"start":{"line":164,"column":9},"end":{"line":164,"column":26}},"loc":{"start":{"line":164,"column":26},"end":{"line":166,"column":1}}}},"branchMap":{"0":{"loc":{"start":{"line":41,"column":4},"end":{"line":41,"column":52}},"type":"default-arg","locations":[{"start":{"line":41,"column":50},"end":{"line":41,"column":52}}]},"1":{"loc":{"start":{"line":47,"column":19},"end":{"line":47,"column":81}},"type":"binary-expr","locations":[{"start":{"line":47,"column":19},"end":{"line":47,"column":49}},{"start":{"line":47,"column":53},"end":{"line":47,"column":81}}]},"2":{"loc":{"start":{"line":49,"column":4},"end":{"line":53,"column":5}},"type":"if","locations":[{"start":{"line":49,"column":4},"end":{"line":53,"column":5}}]},"3":{"loc":{"start":{"line":49,"column":8},"end":{"line":49,"column":41}},"type":"binary-expr","locations":[{"start":{"line":49,"column":8},"end":{"line":49,"column":14}},{"start":{"line":49,"column":18},"end":{"line":49,"column":41}}]},"4":{"loc":{"start":{"line":57,"column":22},"end":{"line":57,"column":53}},"type":"binary-expr","locations":[{"start":{"line":57,"column":22},"end":{"line":57,"column":44}},{"start":{"line":57,"column":48},"end":{"line":57,"column":53}}]},"5":{"loc":{"start":{"line":58,"column":15},"end":{"line":58,"column":41}},"type":"binary-expr","locations":[{"start":{"line":58,"column":15},"end":{"line":58,"column":30}},{"start":{"line":58,"column":34},"end":{"line":58,"column":41}}]},"6":{"loc":{"start":{"line":79,"column":4},"end":{"line":81,"column":5}},"type":"if","locations":[{"start":{"line":79,"column":4},"end":{"line":81,"column":5}}]},"7":{"loc":{"start":{"line":79,"column":8},"end":{"line":79,"column":37}},"type":"binary-expr","locations":[{"start":{"line":79,"column":8},"end":{"line":79,"column":11}},{"start":{"line":79,"column":15},"end":{"line":79,"column":37}}]},"8":{"loc":{"start":{"line":85,"column":4},"end":{"line":87,"column":5}},"type":"if","locations":[{"start":{"line":85,"column":4},"end":{"line":87,"column":5}}]},"9":{"loc":{"start":{"line":90,"column":4},"end":{"line":92,"column":5}},"type":"if","locations":[{"start":{"line":90,"column":4},"end":{"line":92,"column":5}}]},"10":{"loc":{"start":{"line":102,"column":4},"end":{"line":105,"column":5}},"type":"if","locations":[{"start":{"line":102,"column":4},"end":{"line":105,"column":5}}]}},"s":{"0":0,"1":0,"2":0,"3":0,"4":0,"5":0,"6":0,"7":0,"8":0,"9":0,"10":0,"11":0,"12":0,"13":0,"14":0,"15":0,"16":0,"17":0,"18":0,"19":0,"20":0,"21":0,"22":0,"23":0,"24":0,"25":0,"26":0,"27":0,"28":0,"29":0,"30":0,"31":0,"32":0,"33":0,"34":0,"35":0,"36":0,"37":0,"38":0,"39":0,"40":0,"41":0,"42":0,"43":0,"44":0,"45":0,"46":0,"47":0,"48":0,"49":0,"50":0,"51":0,"52":0,"53":0,"54":0,"55":0},"f":{"0":0,"1":0,"2":0,"3":0,"4":0,"5":0,"6":0,"7":0},"b":{"0":[0],"1":[0,0],"2":[0],"3":[0,0],"4":[0,0],"5":[0,0],"6":[0],"7":[0,0],"8":[0],"9":[0],"10":[0]}}
,"/Users/b.c.nims/ExaContract/tinder/src/schemas/api/auth.schema.ts": {"path":"/Users/b.c.nims/ExaContract/tinder/src/schemas/api/auth.schema.ts","statementMap":{"0":{"start":{"line":235,"column":0},"end":{"line":235,"column":16}},"1":{"start":{"line":7,"column":0},"end":{"line":7,"column":24}},"2":{"start":{"line":8,"column":0},"end":{"line":8,"column":45}},"3":{"start":{"line":9,"column":0},"end":{"line":9,"column":109}},"4":{"start":{"line":10,"column":0},"end":{"line":10,"column":47}},"5":{"start":{"line":11,"column":0},"end":{"line":11,"column":51}},"6":{"start":{"line":16,"column":13},"end":{"line":28,"column":3}},"7":{"start":{"line":33,"column":13},"end":{"line":48,"column":3}},"8":{"start":{"line":53,"column":13},"end":{"line":59,"column":3}},"9":{"start":{"line":64,"column":13},"end":{"line":68,"column":3}},"10":{"start":{"line":73,"column":13},"end":{"line":76,"column":3}},"11":{"start":{"line":81,"column":13},"end":{"line":86,"column":3}},"12":{"start":{"line":91,"column":13},"end":{"line":97,"column":3}},"13":{"start":{"line":102,"column":13},"end":{"line":107,"column":3}},"14":{"start":{"line":112,"column":13},"end":{"line":118,"column":3}},"15":{"start":{"line":123,"column":13},"end":{"line":131,"column":3}},"16":{"start":{"line":136,"column":13},"end":{"line":138,"column":3}},"17":{"start":{"line":143,"column":13},"end":{"line":146,"column":3}},"18":{"start":{"line":151,"column":13},"end":{"line":158,"column":3}},"19":{"start":{"line":155,"column":18},"end":{"line":155,"column":56}},"20":{"start":{"line":163,"column":13},"end":{"line":166,"column":3}},"21":{"start":{"line":171,"column":13},"end":{"line":174,"column":3}},"22":{"start":{"line":179,"column":13},"end":{"line":182,"column":3}},"23":{"start":{"line":187,"column":13},"end":{"line":191,"column":3}},"24":{"start":{"line":196,"column":13},"end":{"line":202,"column":3}},"25":{"start":{"line":207,"column":13},"end":{"line":211,"column":3}},"26":{"start":{"line":216,"column":13},"end":{"line":220,"column":3}},"27":{"start":{"line":225,"column":13},"end":{"line":230,"column":3}},"28":{"start":{"line":237,"column":2},"end":{"line":237,"column":99}},"29":{"start":{"line":238,"column":2},"end":{"line":238,"column":121}},"30":{"start":{"line":239,"column":2},"end":{"line":239,"column":93}},"31":{"start":{"line":240,"column":2},"end":{"line":240,"column":130}},"32":{"start":{"line":241,"column":2},"end":{"line":241,"column":117}},"33":{"start":{"line":242,"column":2},"end":{"line":242,"column":124}},"34":{"start":{"line":243,"column":2},"end":{"line":243,"column":129}},"35":{"start":{"line":244,"column":2},"end":{"line":244,"column":102}},"36":{"start":{"line":245,"column":2},"end":{"line":245,"column":128}},"37":{"start":{"line":246,"column":2},"end":{"line":246,"column":149}},"38":{"start":{"line":249,"column":2},"end":{"line":249,"column":102}},"39":{"start":{"line":250,"column":2},"end":{"line":250,"column":124}},"40":{"start":{"line":251,"column":2},"end":{"line":251,"column":96}},"41":{"start":{"line":252,"column":2},"end":{"line":252,"column":133}},"42":{"start":{"line":253,"column":2},"end":{"line":253,"column":120}},"43":{"start":{"line":254,"column":2},"end":{"line":254,"column":127}},"44":{"start":{"line":255,"column":2},"end":{"line":255,"column":155}},"45":{"start":{"line":256,"column":2},"end":{"line":256,"column":105}},"46":{"start":{"line":257,"column":2},"end":{"line":257,"column":131}},"47":{"start":{"line":258,"column":2},"end":{"line":258,"column":152}},"48":{"start":{"line":259,"column":2},"end":{"line":259,"column":102}},"49":{"start":{"line":263,"column":0},"end":{"line":291,"column":2}}},"fnMap":{"0":{"name":"(anonymous_1)","decl":{"start":{"line":155,"column":10},"end":{"line":155,"column":14}},"loc":{"start":{"line":155,"column":18},"end":{"line":155,"column":56}}},"1":{"name":"registerAuthSchemas","decl":{"start":{"line":235,"column":16},"end":{"line":235,"column":35}},"loc":{"start":{"line":235,"column":35},"end":{"line":260,"column":1}}}},"branchMap":{},"s":{"0":0,"1":0,"2":0,"3":0,"4":0,"5":0,"6":0,"7":0,"8":0,"9":0,"10":0,"11":0,"12":0,"13":0,"14":0,"15":0,"16":0,"17":0,"18":0,"19":0,"20":0,"21":0,"22":0,"23":0,"24":0,"25":0,"26":0,"27":0,"28":0,"29":0,"30":0,"31":0,"32":0,"33":0,"34":0,"35":0,"36":0,"37":0,"38":0,"39":0,"40":0,"41":0,"42":0,"43":0,"44":0,"45":0,"46":0,"47":0,"48":0,"49":0},"f":{"0":0,"1":0},"b":{}}
,"/Users/b.c.nims/ExaContract/tinder/src/schemas/api/interaction.schema.ts": {"path":"/Users/b.c.nims/ExaContract/tinder/src/schemas/api/interaction.schema.ts","statementMap":{"0":{"start":{"line":221,"column":0},"end":{"line":221,"column":16}},"1":{"start":{"line":7,"column":0},"end":{"line":7,"column":24}},"2":{"start":{"line":8,"column":0},"end":{"line":8,"column":45}},"3":{"start":{"line":9,"column":0},"end":{"line":9,"column":53}},"4":{"start":{"line":10,"column":0},"end":{"line":10,"column":47}},"5":{"start":{"line":15,"column":13},"end":{"line":21,"column":3}},"6":{"start":{"line":26,"column":13},"end":{"line":29,"column":3}},"7":{"start":{"line":34,"column":13},"end":{"line":41,"column":3}},"8":{"start":{"line":46,"column":13},"end":{"line":54,"column":3}},"9":{"start":{"line":59,"column":13},"end":{"line":62,"column":3}},"10":{"start":{"line":67,"column":13},"end":{"line":70,"column":3}},"11":{"start":{"line":75,"column":13},"end":{"line":84,"column":3}},"12":{"start":{"line":89,"column":13},"end":{"line":92,"column":3}},"13":{"start":{"line":97,"column":13},"end":{"line":101,"column":3}},"14":{"start":{"line":106,"column":13},"end":{"line":108,"column":3}},"15":{"start":{"line":113,"column":13},"end":{"line":118,"column":3}},"16":{"start":{"line":123,"column":13},"end":{"line":127,"column":3}},"17":{"start":{"line":132,"column":13},"end":{"line":149,"column":3}},"18":{"start":{"line":154,"column":13},"end":{"line":158,"column":3}},"19":{"start":{"line":163,"column":13},"end":{"line":172,"column":3}},"20":{"start":{"line":177,"column":13},"end":{"line":180,"column":3}},"21":{"start":{"line":185,"column":13},"end":{"line":198,"column":3}},"22":{"start":{"line":203,"column":13},"end":{"line":206,"column":3}},"23":{"start":{"line":211,"column":13},"end":{"line":216,"column":3}},"24":{"start":{"line":223,"column":2},"end":{"line":223,"column":103}},"25":{"start":{"line":224,"column":2},"end":{"line":224,"column":103}},"26":{"start":{"line":225,"column":2},"end":{"line":225,"column":119}},"27":{"start":{"line":226,"column":2},"end":{"line":226,"column":109}},"28":{"start":{"line":227,"column":2},"end":{"line":227,"column":106}},"29":{"start":{"line":228,"column":2},"end":{"line":228,"column":119}},"30":{"start":{"line":229,"column":2},"end":{"line":229,"column":112}},"31":{"start":{"line":230,"column":2},"end":{"line":230,"column":122}},"32":{"start":{"line":233,"column":2},"end":{"line":233,"column":106}},"33":{"start":{"line":234,"column":2},"end":{"line":234,"column":106}},"34":{"start":{"line":235,"column":2},"end":{"line":235,"column":122}},"35":{"start":{"line":236,"column":2},"end":{"line":236,"column":112}},"36":{"start":{"line":237,"column":2},"end":{"line":237,"column":109}},"37":{"start":{"line":238,"column":2},"end":{"line":238,"column":96}},"38":{"start":{"line":239,"column":2},"end":{"line":239,"column":122}},"39":{"start":{"line":240,"column":2},"end":{"line":240,"column":115}},"40":{"start":{"line":241,"column":2},"end":{"line":241,"column":125}},"41":{"start":{"line":242,"column":2},"end":{"line":242,"column":109}},"42":{"start":{"line":246,"column":0},"end":{"line":272,"column":2}}},"fnMap":{"0":{"name":"registerInteractionSchemas","decl":{"start":{"line":221,"column":16},"end":{"line":221,"column":42}},"loc":{"start":{"line":221,"column":42},"end":{"line":243,"column":1}}}},"branchMap":{},"s":{"0":0,"1":0,"2":0,"3":0,"4":0,"5":0,"6":0,"7":0,"8":0,"9":0,"10":0,"11":0,"12":0,"13":0,"14":0,"15":0,"16":0,"17":0,"18":0,"19":0,"20":0,"21":0,"22":0,"23":0,"24":0,"25":0,"26":0,"27":0,"28":0,"29":0,"30":0,"31":0,"32":0,"33":0,"34":0,"35":0,"36":0,"37":0,"38":0,"39":0,"40":0,"41":0,"42":0},"f":{"0":0},"b":{}}
,"/Users/b.c.nims/ExaContract/tinder/src/schemas/common/auth.schema.ts": {"path":"/Users/b.c.nims/ExaContract/tinder/src/schemas/common/auth.schema.ts","statementMap":{"0":{"start":{"line":117,"column":0},"end":{"line":117,"column":16}},"1":{"start":{"line":7,"column":0},"end":{"line":7,"column":24}},"2":{"start":{"line":8,"column":0},"end":{"line":8,"column":45}},"3":{"start":{"line":9,"column":0},"end":{"line":9,"column":39}},"4":{"start":{"line":10,"column":0},"end":{"line":10,"column":39}},"5":{"start":{"line":15,"column":13},"end":{"line":19,"column":3}},"6":{"start":{"line":24,"column":13},"end":{"line":28,"column":3}},"7":{"start":{"line":33,"column":13},"end":{"line":41,"column":3}},"8":{"start":{"line":46,"column":13},"end":{"line":50,"column":3}},"9":{"start":{"line":55,"column":13},"end":{"line":62,"column":3}},"10":{"start":{"line":67,"column":13},"end":{"line":79,"column":3}},"11":{"start":{"line":84,"column":13},"end":{"line":101,"column":3}},"12":{"start":{"line":106,"column":13},"end":{"line":112,"column":3}},"13":{"start":{"line":118,"column":2},"end":{"line":118,"column":92}},"14":{"start":{"line":119,"column":2},"end":{"line":119,"column":104}},"15":{"start":{"line":120,"column":2},"end":{"line":120,"column":95}},"16":{"start":{"line":121,"column":2},"end":{"line":121,"column":126}},"17":{"start":{"line":122,"column":2},"end":{"line":122,"column":120}},"18":{"start":{"line":123,"column":2},"end":{"line":123,"column":73}},"19":{"start":{"line":124,"column":2},"end":{"line":124,"column":85}},"20":{"start":{"line":125,"column":2},"end":{"line":125,"column":104}},"21":{"start":{"line":129,"column":0},"end":{"line":139,"column":2}}},"fnMap":{"0":{"name":"registerAuthDataSchemas","decl":{"start":{"line":117,"column":16},"end":{"line":117,"column":39}},"loc":{"start":{"line":117,"column":39},"end":{"line":126,"column":1}}}},"branchMap":{},"s":{"0":0,"1":0,"2":0,"3":0,"4":0,"5":0,"6":0,"7":0,"8":0,"9":0,"10":0,"11":0,"12":0,"13":0,"14":0,"15":0,"16":0,"17":0,"18":0,"19":0,"20":0,"21":0},"f":{"0":0},"b":{}}
,"/Users/b.c.nims/ExaContract/tinder/src/schemas/common/base.schema.ts": {"path":"/Users/b.c.nims/ExaContract/tinder/src/schemas/common/base.schema.ts","statementMap":{"0":{"start":{"line":149,"column":0},"end":{"line":149,"column":16}},"1":{"start":{"line":8,"column":0},"end":{"line":8,"column":24}},"2":{"start":{"line":9,"column":0},"end":{"line":9,"column":45}},"3":{"start":{"line":14,"column":13},"end":{"line":14,"column":86}},"4":{"start":{"line":16,"column":13},"end":{"line":17,"column":32}},"5":{"start":{"line":17,"column":20},"end":{"line":17,"column":30}},"6":{"start":{"line":19,"column":13},"end":{"line":22,"column":17}},"7":{"start":{"line":24,"column":13},"end":{"line":26,"column":10}},"8":{"start":{"line":28,"column":13},"end":{"line":28,"column":78}},"9":{"start":{"line":30,"column":13},"end":{"line":33,"column":5}},"10":{"start":{"line":38,"column":13},"end":{"line":38,"column":89}},"11":{"start":{"line":40,"column":13},"end":{"line":40,"column":97}},"12":{"start":{"line":42,"column":13},"end":{"line":42,"column":85}},"13":{"start":{"line":44,"column":13},"end":{"line":44,"column":59}},"14":{"start":{"line":46,"column":13},"end":{"line":46,"column":65}},"15":{"start":{"line":48,"column":13},"end":{"line":50,"column":66}},"16":{"start":{"line":55,"column":13},"end":{"line":57,"column":73}},"17":{"start":{"line":57,"column":19},"end":{"line":57,"column":42}},"18":{"start":{"line":59,"column":13},"end":{"line":60,"column":57}},"19":{"start":{"line":62,"column":13},"end":{"line":63,"column":80}},"20":{"start":{"line":63,"column":20},"end":{"line":63,"column":37}},"21":{"start":{"line":65,"column":13},"end":{"line":66,"column":82}},"22":{"start":{"line":66,"column":20},"end":{"line":66,"column":37}},"23":{"start":{"line":71,"column":13},"end":{"line":71,"column":41}},"24":{"start":{"line":73,"column":13},"end":{"line":80,"column":3}},"25":{"start":{"line":76,"column":4},"end":{"line":76,"column":50}},"26":{"start":{"line":76,"column":38},"end":{"line":76,"column":50}},"27":{"start":{"line":77,"column":4},"end":{"line":77,"column":52}},"28":{"start":{"line":77,"column":39},"end":{"line":77,"column":52}},"29":{"start":{"line":78,"column":4},"end":{"line":78,"column":46}},"30":{"start":{"line":88,"column":13},"end":{"line":93,"column":2}},"31":{"start":{"line":98,"column":29},"end":{"line":101,"column":85}},"32":{"start":{"line":99,"column":2},"end":{"line":101,"column":85}},"33":{"start":{"line":98,"column":13},"end":{"line":98,"column":29}},"34":{"start":{"line":103,"column":27},"end":{"line":108,"column":null}},"35":{"start":{"line":104,"column":2},"end":{"line":108,"column":null}},"36":{"start":{"line":107,"column":17},"end":{"line":107,"column":53}},"37":{"start":{"line":103,"column":13},"end":{"line":103,"column":27}},"38":{"start":{"line":114,"column":28},"end":{"line":121,"column":85}},"39":{"start":{"line":119,"column":2},"end":{"line":121,"column":85}},"40":{"start":{"line":114,"column":13},"end":{"line":114,"column":28}},"41":{"start":{"line":126,"column":29},"end":{"line":132,"column":88}},"42":{"start":{"line":130,"column":2},"end":{"line":132,"column":88}},"43":{"start":{"line":126,"column":13},"end":{"line":126,"column":29}},"44":{"start":{"line":137,"column":29},"end":{"line":143,"column":null}},"45":{"start":{"line":141,"column":2},"end":{"line":143,"column":null}},"46":{"start":{"line":142,"column":13},"end":{"line":142,"column":47}},"47":{"start":{"line":137,"column":13},"end":{"line":137,"column":29}},"48":{"start":{"line":150,"column":2},"end":{"line":150,"column":103}},"49":{"start":{"line":151,"column":2},"end":{"line":151,"column":99}},"50":{"start":{"line":152,"column":2},"end":{"line":152,"column":93}},"51":{"start":{"line":153,"column":2},"end":{"line":153,"column":87}},"52":{"start":{"line":154,"column":2},"end":{"line":154,"column":90}},"53":{"start":{"line":155,"column":2},"end":{"line":155,"column":93}},"54":{"start":{"line":157,"column":2},"end":{"line":157,"column":102}},"55":{"start":{"line":158,"column":2},"end":{"line":158,"column":112}},"56":{"start":{"line":159,"column":2},"end":{"line":159,"column":99}},"57":{"start":{"line":160,"column":2},"end":{"line":160,"column":111}},"58":{"start":{"line":161,"column":2},"end":{"line":161,"column":121}},"59":{"start":{"line":162,"column":2},"end":{"line":162,"column":108}},"60":{"start":{"line":164,"column":2},"end":{"line":164,"column":107}},"61":{"start":{"line":165,"column":2},"end":{"line":165,"column":120}},"62":{"start":{"line":166,"column":2},"end":{"line":166,"column":84}},"63":{"start":{"line":167,"column":2},"end":{"line":167,"column":90}},"64":{"start":{"line":169,"column":2},"end":{"line":169,"column":85}},"65":{"start":{"line":170,"column":2},"end":{"line":170,"column":108}},"66":{"start":{"line":174,"column":0},"end":{"line":196,"column":2}}},"fnMap":{"0":{"name":"(anonymous_0)","decl":{"start":{"line":17,"column":13},"end":{"line":17,"column":16}},"loc":{"start":{"line":17,"column":20},"end":{"line":17,"column":30}}},"1":{"name":"(anonymous_1)","decl":{"start":{"line":57,"column":10},"end":{"line":57,"column":11}},"loc":{"start":{"line":57,"column":19},"end":{"line":57,"column":42}}},"2":{"name":"(anonymous_2)","decl":{"start":{"line":63,"column":10},"end":{"line":63,"column":11}},"loc":{"start":{"line":63,"column":20},"end":{"line":63,"column":37}}},"3":{"name":"(anonymous_3)","decl":{"start":{"line":66,"column":10},"end":{"line":66,"column":11}},"loc":{"start":{"line":66,"column":20},"end":{"line":66,"column":37}}},"4":{"name":"(anonymous_4)","decl":{"start":{"line":75,"column":23},"end":{"line":75,"column":24}},"loc":{"start":{"line":75,"column":31},"end":{"line":79,"column":3}}},"5":{"name":"(anonymous_5)","decl":{"start":{"line":98,"column":29},"end":{"line":98,"column":54}},"loc":{"start":{"line":99,"column":2},"end":{"line":101,"column":85}}},"6":{"name":"(anonymous_6)","decl":{"start":{"line":103,"column":27},"end":{"line":103,"column":52}},"loc":{"start":{"line":104,"column":2},"end":{"line":108,"column":null}}},"7":{"name":"(anonymous_7)","decl":{"start":{"line":107,"column":6},"end":{"line":107,"column":7}},"loc":{"start":{"line":107,"column":17},"end":{"line":107,"column":53}}},"8":{"name":"(anonymous_8)","decl":{"start":{"line":114,"column":28},"end":{"line":114,"column":null}},"loc":{"start":{"line":119,"column":2},"end":{"line":121,"column":85}}},"9":{"name":"(anonymous_9)","decl":{"start":{"line":126,"column":29},"end":{"line":126,"column":null}},"loc":{"start":{"line":130,"column":2},"end":{"line":132,"column":88}}},"10":{"name":"(anonymous_10)","decl":{"start":{"line":137,"column":29},"end":{"line":137,"column":null}},"loc":{"start":{"line":141,"column":2},"end":{"line":143,"column":null}}},"11":{"name":"(anonymous_11)","decl":{"start":{"line":142,"column":4},"end":{"line":142,"column":5}},"loc":{"start":{"line":142,"column":13},"end":{"line":142,"column":47}}},"12":{"name":"registerBaseSchemas","decl":{"start":{"line":149,"column":16},"end":{"line":149,"column":35}},"loc":{"start":{"line":149,"column":35},"end":{"line":171,"column":1}}}},"branchMap":{"0":{"loc":{"start":{"line":76,"column":4},"end":{"line":76,"column":50}},"type":"if","locations":[{"start":{"line":76,"column":4},"end":{"line":76,"column":50}}]},"1":{"loc":{"start":{"line":77,"column":4},"end":{"line":77,"column":52}},"type":"if","locations":[{"start":{"line":77,"column":4},"end":{"line":77,"column":52}}]},"2":{"loc":{"start":{"line":98,"column":65},"end":{"line":98,"column":108}},"type":"default-arg","locations":[{"start":{"line":98,"column":77},"end":{"line":98,"column":108}}]},"3":{"loc":{"start":{"line":103,"column":63},"end":{"line":103,"column":106}},"type":"default-arg","locations":[{"start":{"line":103,"column":75},"end":{"line":103,"column":106}}]},"4":{"loc":{"start":{"line":116,"column":2},"end":{"line":116,"column":15}},"type":"default-arg","locations":[{"start":{"line":116,"column":14},"end":{"line":116,"column":15}}]},"5":{"loc":{"start":{"line":117,"column":2},"end":{"line":117,"column":45}},"type":"default-arg","locations":[{"start":{"line":117,"column":14},"end":{"line":117,"column":45}}]},"6":{"loc":{"start":{"line":127,"column":2},"end":{"line":127,"column":15}},"type":"default-arg","locations":[{"start":{"line":127,"column":14},"end":{"line":127,"column":15}}]},"7":{"loc":{"start":{"line":128,"column":2},"end":{"line":128,"column":46}},"type":"default-arg","locations":[{"start":{"line":128,"column":14},"end":{"line":128,"column":46}}]},"8":{"loc":{"start":{"line":139,"column":2},"end":{"line":139,"column":42}},"type":"default-arg","locations":[{"start":{"line":139,"column":12},"end":{"line":139,"column":42}}]}},"s":{"0":0,"1":0,"2":0,"3":0,"4":0,"5":0,"6":0,"7":0,"8":0,"9":0,"10":0,"11":0,"12":0,"13":0,"14":0,"15":0,"16":0,"17":0,"18":0,"19":0,"20":0,"21":0,"22":0,"23":0,"24":0,"25":0,"26":0,"27":0,"28":0,"29":0,"30":0,"31":0,"32":0,"33":0,"34":0,"35":0,"36":0,"37":0,"38":0,"39":0,"40":0,"41":0,"42":0,"43":0,"44":0,"45":0,"46":0,"47":0,"48":0,"49":0,"50":0,"51":0,"52":0,"53":0,"54":0,"55":0,"56":0,"57":0,"58":0,"59":0,"60":0,"61":0,"62":0,"63":0,"64":0,"65":0,"66":0},"f":{"0":0,"1":0,"2":0,"3":0,"4":0,"5":0,"6":0,"7":0,"8":0,"9":0,"10":0,"11":0,"12":0},"b":{"0":[0],"1":[0],"2":[0],"3":[0],"4":[0],"5":[0],"6":[0],"7":[0],"8":[0]}}
,"/Users/b.c.nims/ExaContract/tinder/src/schemas/common/user.schema.ts": {"path":"/Users/b.c.nims/ExaContract/tinder/src/schemas/common/user.schema.ts","statementMap":{"0":{"start":{"line":224,"column":0},"end":{"line":224,"column":16}},"1":{"start":{"line":7,"column":0},"end":{"line":7,"column":24}},"2":{"start":{"line":8,"column":0},"end":{"line":8,"column":45}},"3":{"start":{"line":9,"column":0},"end":{"line":9,"column":39}},"4":{"start":{"line":14,"column":13},"end":{"line":14,"column":50}},"5":{"start":{"line":19,"column":13},"end":{"line":22,"column":10}},"6":{"start":{"line":27,"column":13},"end":{"line":27,"column":54}},"7":{"start":{"line":32,"column":13},"end":{"line":84,"column":4}},"8":{"start":{"line":42,"column":23},"end":{"line":42,"column":24}},"9":{"start":{"line":43,"column":6},"end":{"line":43,"column":47}},"10":{"start":{"line":43,"column":34},"end":{"line":43,"column":47}},"11":{"start":{"line":44,"column":6},"end":{"line":44,"column":47}},"12":{"start":{"line":44,"column":34},"end":{"line":44,"column":47}},"13":{"start":{"line":45,"column":6},"end":{"line":45,"column":47}},"14":{"start":{"line":45,"column":34},"end":{"line":45,"column":47}},"15":{"start":{"line":46,"column":6},"end":{"line":46,"column":54}},"16":{"start":{"line":46,"column":41},"end":{"line":46,"column":54}},"17":{"start":{"line":47,"column":6},"end":{"line":47,"column":29}},"18":{"start":{"line":55,"column":25},"end":{"line":55,"column":90}},"19":{"start":{"line":56,"column":6},"end":{"line":59,"column":7}},"20":{"start":{"line":56,"column":19},"end":{"line":56,"column":20}},"21":{"start":{"line":57,"column":20},"end":{"line":57,"column":50}},"22":{"start":{"line":58,"column":8},"end":{"line":58,"column":49}},"23":{"start":{"line":58,"column":36},"end":{"line":58,"column":49}},"24":{"start":{"line":62,"column":6},"end":{"line":66,"column":7}},"25":{"start":{"line":62,"column":19},"end":{"line":62,"column":20}},"26":{"start":{"line":63,"column":8},"end":{"line":65,"column":9}},"27":{"start":{"line":64,"column":10},"end":{"line":64,"column":23}},"28":{"start":{"line":68,"column":6},"end":{"line":68,"column":18}},"29":{"start":{"line":75,"column":30},"end":{"line":78,"column":8}},"30":{"start":{"line":79,"column":6},"end":{"line":81,"column":8}},"31":{"start":{"line":80,"column":8},"end":{"line":80,"column":47}},"32":{"start":{"line":89,"column":13},"end":{"line":89,"column":56}},"33":{"start":{"line":94,"column":13},"end":{"line":94,"column":85}},"34":{"start":{"line":99,"column":13},"end":{"line":106,"column":3}},"35":{"start":{"line":111,"column":13},"end":{"line":120,"column":3}},"36":{"start":{"line":125,"column":13},"end":{"line":146,"column":3}},"37":{"start":{"line":151,"column":13},"end":{"line":169,"column":3}},"38":{"start":{"line":155,"column":20},"end":{"line":155,"column":40}},"39":{"start":{"line":174,"column":13},"end":{"line":181,"column":3}},"40":{"start":{"line":186,"column":13},"end":{"line":192,"column":3}},"41":{"start":{"line":197,"column":13},"end":{"line":200,"column":3}},"42":{"start":{"line":205,"column":13},"end":{"line":219,"column":3}},"43":{"start":{"line":225,"column":2},"end":{"line":225,"column":79}},"44":{"start":{"line":226,"column":2},"end":{"line":226,"column":85}},"45":{"start":{"line":227,"column":2},"end":{"line":227,"column":88}},"46":{"start":{"line":228,"column":2},"end":{"line":228,"column":97}},"47":{"start":{"line":229,"column":2},"end":{"line":229,"column":98}},"48":{"start":{"line":230,"column":2},"end":{"line":230,"column":82}},"49":{"start":{"line":231,"column":2},"end":{"line":231,"column":88}},"50":{"start":{"line":232,"column":2},"end":{"line":232,"column":79}},"51":{"start":{"line":233,"column":2},"end":{"line":233,"column":94}},"52":{"start":{"line":234,"column":2},"end":{"line":234,"column":106}},"53":{"start":{"line":235,"column":2},"end":{"line":235,"column":88}},"54":{"start":{"line":236,"column":2},"end":{"line":236,"column":88}},"55":{"start":{"line":237,"column":2},"end":{"line":237,"column":85}},"56":{"start":{"line":238,"column":2},"end":{"line":238,"column":108}},"57":{"start":{"line":242,"column":0},"end":{"line":258,"column":2}}},"fnMap":{"0":{"name":"(anonymous_1)","decl":{"start":{"line":41,"column":4},"end":{"line":41,"column":5}},"loc":{"start":{"line":41,"column":17},"end":{"line":48,"column":5}}},"1":{"name":"(anonymous_2)","decl":{"start":{"line":53,"column":4},"end":{"line":53,"column":5}},"loc":{"start":{"line":53,"column":17},"end":{"line":69,"column":5}}},"2":{"name":"(anonymous_3)","decl":{"start":{"line":74,"column":4},"end":{"line":74,"column":5}},"loc":{"start":{"line":74,"column":17},"end":{"line":82,"column":5}}},"3":{"name":"(anonymous_4)","decl":{"start":{"line":79,"column":35},"end":{"line":79,"column":41}},"loc":{"start":{"line":80,"column":8},"end":{"line":80,"column":47}}},"4":{"name":"(anonymous_5)","decl":{"start":{"line":155,"column":12},"end":{"line":155,"column":16}},"loc":{"start":{"line":155,"column":20},"end":{"line":155,"column":40}}},"5":{"name":"registerUserSchemas","decl":{"start":{"line":224,"column":16},"end":{"line":224,"column":35}},"loc":{"start":{"line":224,"column":35},"end":{"line":239,"column":1}}}},"branchMap":{"0":{"loc":{"start":{"line":43,"column":6},"end":{"line":43,"column":47}},"type":"if","locations":[{"start":{"line":43,"column":6},"end":{"line":43,"column":47}}]},"1":{"loc":{"start":{"line":44,"column":6},"end":{"line":44,"column":47}},"type":"if","locations":[{"start":{"line":44,"column":6},"end":{"line":44,"column":47}}]},"2":{"loc":{"start":{"line":45,"column":6},"end":{"line":45,"column":47}},"type":"if","locations":[{"start":{"line":45,"column":6},"end":{"line":45,"column":47}}]},"3":{"loc":{"start":{"line":46,"column":6},"end":{"line":46,"column":54}},"type":"if","locations":[{"start":{"line":46,"column":6},"end":{"line":46,"column":54}}]},"4":{"loc":{"start":{"line":58,"column":8},"end":{"line":58,"column":49}},"type":"if","locations":[{"start":{"line":58,"column":8},"end":{"line":58,"column":49}}]},"5":{"loc":{"start":{"line":63,"column":8},"end":{"line":65,"column":9}},"type":"if","locations":[{"start":{"line":63,"column":8},"end":{"line":65,"column":9}}]},"6":{"loc":{"start":{"line":63,"column":12},"end":{"line":63,"column":74}},"type":"binary-expr","locations":[{"start":{"line":63,"column":12},"end":{"line":63,"column":41}},{"start":{"line":63,"column":45},"end":{"line":63,"column":74}}]}},"s":{"0":0,"1":0,"2":0,"3":0,"4":0,"5":0,"6":0,"7":0,"8":0,"9":0,"10":0,"11":0,"12":0,"13":0,"14":0,"15":0,"16":0,"17":0,"18":0,"19":0,"20":0,"21":0,"22":0,"23":0,"24":0,"25":0,"26":0,"27":0,"28":0,"29":0,"30":0,"31":0,"32":0,"33":0,"34":0,"35":0,"36":0,"37":0,"38":0,"39":0,"40":0,"41":0,"42":0,"43":0,"44":0,"45":0,"46":0,"47":0,"48":0,"49":0,"50":0,"51":0,"52":0,"53":0,"54":0,"55":0,"56":0,"57":0},"f":{"0":0,"1":0,"2":0,"3":0,"4":0,"5":0},"b":{"0":[0],"1":[0],"2":[0],"3":[0],"4":[0],"5":[0],"6":[0,0]}}
,"/Users/b.c.nims/ExaContract/tinder/src/services/api-gateway.ts": {"path":"/Users/b.c.nims/ExaContract/tinder/src/services/api-gateway.ts","statementMap":{"0":{"start":{"line":6,"column":0},"end":{"line":6,"column":37}},"1":{"start":{"line":7,"column":0},"end":{"line":7,"column":50}},"2":{"start":{"line":8,"column":0},"end":{"line":8,"column":60}},"3":{"start":{"line":9,"column":0},"end":{"line":9,"column":47}},"4":{"start":{"line":10,"column":0},"end":{"line":10,"column":43}},"5":{"start":{"line":11,"column":0},"end":{"line":11,"column":43}},"6":{"start":{"line":12,"column":0},"end":{"line":12,"column":41}},"7":{"start":{"line":23,"column":4},"end":{"line":23,"column":44}},"8":{"start":{"line":24,"column":4},"end":{"line":24,"column":52}},"9":{"start":{"line":27,"column":4},"end":{"line":27,"column":25}},"10":{"start":{"line":30,"column":4},"end":{"line":30,"column":29}},"11":{"start":{"line":32,"column":4},"end":{"line":32,"column":43}},"12":{"start":{"line":40,"column":4},"end":{"line":47,"column":7}},"13":{"start":{"line":44,"column":41},"end":{"line":44,"column":47}},"14":{"start":{"line":45,"column":8},"end":{"line":45,"column":75}},"15":{"start":{"line":49,"column":4},"end":{"line":56,"column":7}},"16":{"start":{"line":53,"column":34},"end":{"line":53,"column":40}},"17":{"start":{"line":54,"column":8},"end":{"line":54,"column":73}},"18":{"start":{"line":58,"column":4},"end":{"line":65,"column":7}},"19":{"start":{"line":62,"column":41},"end":{"line":62,"column":47}},"20":{"start":{"line":63,"column":8},"end":{"line":63,"column":69}},"21":{"start":{"line":68,"column":4},"end":{"line":79,"column":7}},"22":{"start":{"line":72,"column":41},"end":{"line":72,"column":47}},"23":{"start":{"line":73,"column":8},"end":{"line":77,"column":11}},"24":{"start":{"line":81,"column":4},"end":{"line":92,"column":7}},"25":{"start":{"line":85,"column":41},"end":{"line":85,"column":47}},"26":{"start":{"line":86,"column":8},"end":{"line":90,"column":11}},"27":{"start":{"line":94,"column":4},"end":{"line":105,"column":7}},"28":{"start":{"line":98,"column":41},"end":{"line":98,"column":47}},"29":{"start":{"line":99,"column":8},"end":{"line":103,"column":11}},"30":{"start":{"line":107,"column":4},"end":{"line":118,"column":7}},"31":{"start":{"line":111,"column":27},"end":{"line":111,"column":33}},"32":{"start":{"line":112,"column":8},"end":{"line":116,"column":11}},"33":{"start":{"line":121,"column":4},"end":{"line":132,"column":7}},"34":{"start":{"line":125,"column":41},"end":{"line":125,"column":47}},"35":{"start":{"line":126,"column":8},"end":{"line":130,"column":11}},"36":{"start":{"line":134,"column":4},"end":{"line":145,"column":7}},"37":{"start":{"line":138,"column":27},"end":{"line":138,"column":33}},"38":{"start":{"line":139,"column":8},"end":{"line":143,"column":11}},"39":{"start":{"line":148,"column":4},"end":{"line":155,"column":7}},"40":{"start":{"line":152,"column":8},"end":{"line":152,"column":35}},"41":{"start":{"line":153,"column":8},"end":{"line":153,"column":59}},"42":{"start":{"line":158,"column":4},"end":{"line":171,"column":7}},"43":{"start":{"line":162,"column":27},"end":{"line":162,"column":33}},"44":{"start":{"line":163,"column":27},"end":{"line":163,"column":80}},"45":{"start":{"line":164,"column":29},"end":{"line":164,"column":62}},"46":{"start":{"line":166,"column":8},"end":{"line":169,"column":10}},"47":{"start":{"line":179,"column":4},"end":{"line":244,"column":7}},"48":{"start":{"line":247,"column":4},"end":{"line":255,"column":7}},"49":{"start":{"line":253,"column":22},"end":{"line":253,"column":38}},"50":{"start":{"line":263,"column":4},"end":{"line":263,"column":36}},"51":{"start":{"line":264,"column":4},"end":{"line":264,"column":49}},"52":{"start":{"line":272,"column":4},"end":{"line":272,"column":46}},"53":{"start":{"line":273,"column":4},"end":{"line":273,"column":55}},"54":{"start":{"line":283,"column":17},"end":{"line":283,"column":41}},"55":{"start":{"line":285,"column":4},"end":{"line":292,"column":5}},"56":{"start":{"line":286,"column":6},"end":{"line":291,"column":8}},"57":{"start":{"line":294,"column":4},"end":{"line":294,"column":47}},"58":{"start":{"line":296,"column":4},"end":{"line":301,"column":5}},"59":{"start":{"line":297,"column":6},"end":{"line":297,"column":40}},"60":{"start":{"line":299,"column":6},"end":{"line":299,"column":72}},"61":{"start":{"line":300,"column":6},"end":{"line":300,"column":18}},"62":{"start":{"line":310,"column":21},"end":{"line":310,"column":51}},"63":{"start":{"line":312,"column":4},"end":{"line":319,"column":5}},"64":{"start":{"line":313,"column":6},"end":{"line":318,"column":8}},"65":{"start":{"line":321,"column":4},"end":{"line":321,"column":53}},"66":{"start":{"line":324,"column":17},"end":{"line":324,"column":37}},"67":{"start":{"line":327,"column":4},"end":{"line":331,"column":7}},"68":{"start":{"line":328,"column":6},"end":{"line":330,"column":7}},"69":{"start":{"line":329,"column":8},"end":{"line":329,"column":32}},"70":{"start":{"line":333,"column":4},"end":{"line":337,"column":6}},"71":{"start":{"line":345,"column":4},"end":{"line":348,"column":8}},"72":{"start":{"line":345,"column":56},"end":{"line":348,"column":6}},"73":{"start":{"line":356,"column":4},"end":{"line":359,"column":8}},"74":{"start":{"line":356,"column":64},"end":{"line":359,"column":6}},"75":{"start":{"line":364,"column":0},"end":{"line":364,"column":32}}},"fnMap":{"0":{"name":"(anonymous_1)","decl":{"start":{"line":22,"column":2},"end":{"line":22,"column":null}},"loc":{"start":{"line":22,"column":2},"end":{"line":33,"column":3}}},"1":{"name":"(anonymous_2)","decl":{"start":{"line":38,"column":10},"end":{"line":38,"column":23}},"loc":{"start":{"line":38,"column":23},"end":{"line":172,"column":3}}},"2":{"name":"(anonymous_3)","decl":{"start":{"line":43,"column":15},"end":{"line":43,"column":20}},"loc":{"start":{"line":43,"column":37},"end":{"line":46,"column":7}}},"3":{"name":"(anonymous_4)","decl":{"start":{"line":52,"column":15},"end":{"line":52,"column":20}},"loc":{"start":{"line":52,"column":37},"end":{"line":55,"column":7}}},"4":{"name":"(anonymous_5)","decl":{"start":{"line":61,"column":15},"end":{"line":61,"column":20}},"loc":{"start":{"line":61,"column":37},"end":{"line":64,"column":7}}},"5":{"name":"(anonymous_6)","decl":{"start":{"line":71,"column":15},"end":{"line":71,"column":20}},"loc":{"start":{"line":71,"column":37},"end":{"line":78,"column":7}}},"6":{"name":"(anonymous_7)","decl":{"start":{"line":84,"column":15},"end":{"line":84,"column":20}},"loc":{"start":{"line":84,"column":37},"end":{"line":91,"column":7}}},"7":{"name":"(anonymous_8)","decl":{"start":{"line":97,"column":15},"end":{"line":97,"column":20}},"loc":{"start":{"line":97,"column":37},"end":{"line":104,"column":7}}},"8":{"name":"(anonymous_9)","decl":{"start":{"line":110,"column":15},"end":{"line":110,"column":20}},"loc":{"start":{"line":110,"column":37},"end":{"line":117,"column":7}}},"9":{"name":"(anonymous_10)","decl":{"start":{"line":124,"column":15},"end":{"line":124,"column":20}},"loc":{"start":{"line":124,"column":37},"end":{"line":131,"column":7}}},"10":{"name":"(anonymous_11)","decl":{"start":{"line":137,"column":15},"end":{"line":137,"column":20}},"loc":{"start":{"line":137,"column":37},"end":{"line":144,"column":7}}},"11":{"name":"(anonymous_12)","decl":{"start":{"line":151,"column":15},"end":{"line":151,"column":20}},"loc":{"start":{"line":151,"column":26},"end":{"line":154,"column":7}}},"12":{"name":"(anonymous_13)","decl":{"start":{"line":161,"column":15},"end":{"line":161,"column":20}},"loc":{"start":{"line":161,"column":37},"end":{"line":170,"column":7}}},"13":{"name":"(anonymous_14)","decl":{"start":{"line":177,"column":10},"end":{"line":177,"column":27}},"loc":{"start":{"line":177,"column":27},"end":{"line":256,"column":3}}},"14":{"name":"(anonymous_15)","decl":{"start":{"line":253,"column":16},"end":{"line":253,"column":19}},"loc":{"start":{"line":253,"column":22},"end":{"line":253,"column":38}}},"15":{"name":"(anonymous_16)","decl":{"start":{"line":262,"column":9},"end":{"line":262,"column":21}},"loc":{"start":{"line":262,"column":35},"end":{"line":265,"column":3}}},"16":{"name":"(anonymous_17)","decl":{"start":{"line":271,"column":9},"end":{"line":271,"column":25}},"loc":{"start":{"line":271,"column":47},"end":{"line":274,"column":3}}},"17":{"name":"(anonymous_18)","decl":{"start":{"line":282,"column":9},"end":{"line":282,"column":14}},"loc":{"start":{"line":282,"column":56},"end":{"line":302,"column":3}}},"18":{"name":"(anonymous_19)","decl":{"start":{"line":309,"column":9},"end":{"line":309,"column":14}},"loc":{"start":{"line":309,"column":45},"end":{"line":338,"column":3}}},"19":{"name":"(anonymous_20)","decl":{"start":{"line":327,"column":30},"end":{"line":327,"column":33}},"loc":{"start":{"line":327,"column":36},"end":{"line":331,"column":5}}},"20":{"name":"(anonymous_21)","decl":{"start":{"line":344,"column":9},"end":{"line":344,"column":26}},"loc":{"start":{"line":344,"column":26},"end":{"line":349,"column":3}}},"21":{"name":"(anonymous_22)","decl":{"start":{"line":345,"column":47},"end":{"line":345,"column":51}},"loc":{"start":{"line":345,"column":56},"end":{"line":348,"column":6}}},"22":{"name":"(anonymous_23)","decl":{"start":{"line":355,"column":9},"end":{"line":355,"column":30}},"loc":{"start":{"line":355,"column":30},"end":{"line":360,"column":3}}},"23":{"name":"(anonymous_24)","decl":{"start":{"line":356,"column":51},"end":{"line":356,"column":59}},"loc":{"start":{"line":356,"column":64},"end":{"line":359,"column":6}}}},"branchMap":{"0":{"loc":{"start":{"line":128,"column":29},"end":{"line":128,"column":51}},"type":"binary-expr","locations":[{"start":{"line":128,"column":29},"end":{"line":128,"column":41}},{"start":{"line":128,"column":45},"end":{"line":128,"column":51}}]},"1":{"loc":{"start":{"line":163,"column":27},"end":{"line":163,"column":80}},"type":"cond-expr","locations":[{"start":{"line":163,"column":36},"end":{"line":163,"column":73}},{"start":{"line":163,"column":76},"end":{"line":163,"column":80}}]},"2":{"loc":{"start":{"line":285,"column":4},"end":{"line":292,"column":5}},"type":"if","locations":[{"start":{"line":285,"column":4},"end":{"line":292,"column":5}}]},"3":{"loc":{"start":{"line":312,"column":4},"end":{"line":319,"column":5}},"type":"if","locations":[{"start":{"line":312,"column":4},"end":{"line":319,"column":5}}]},"4":{"loc":{"start":{"line":328,"column":6},"end":{"line":330,"column":7}},"type":"if","locations":[{"start":{"line":328,"column":6},"end":{"line":330,"column":7}}]}},"s":{"0":0,"1":0,"2":0,"3":0,"4":0,"5":0,"6":0,"7":0,"8":0,"9":0,"10":0,"11":0,"12":0,"13":0,"14":0,"15":0,"16":0,"17":0,"18":0,"19":0,"20":0,"21":0,"22":0,"23":0,"24":0,"25":0,"26":0,"27":0,"28":0,"29":0,"30":0,"31":0,"32":0,"33":0,"34":0,"35":0,"36":0,"37":0,"38":0,"39":0,"40":0,"41":0,"42":0,"43":0,"44":0,"45":0,"46":0,"47":0,"48":0,"49":0,"50":0,"51":0,"52":0,"53":0,"54":0,"55":0,"56":0,"57":0,"58":0,"59":0,"60":0,"61":0,"62":0,"63":0,"64":0,"65":0,"66":0,"67":0,"68":0,"69":0,"70":0,"71":0,"72":0,"73":0,"74":0,"75":0},"f":{"0":0,"1":0,"2":0,"3":0,"4":0,"5":0,"6":0,"7":0,"8":0,"9":0,"10":0,"11":0,"12":0,"13":0,"14":0,"15":0,"16":0,"17":0,"18":0,"19":0,"20":0,"21":0,"22":0,"23":0},"b":{"0":[0,0],"1":[0,0],"2":[0],"3":[0],"4":[0]}}
,"/Users/b.c.nims/ExaContract/tinder/src/services/rate-limiter.ts": {"path":"/Users/b.c.nims/ExaContract/tinder/src/services/rate-limiter.ts","statementMap":{"0":{"start":{"line":6,"column":0},"end":{"line":6,"column":37}},"1":{"start":{"line":7,"column":0},"end":{"line":7,"column":50}},"2":{"start":{"line":8,"column":0},"end":{"line":8,"column":38}},"3":{"start":{"line":49,"column":10},"end":{"line":52,"column":4}},"4":{"start":{"line":25,"column":4},"end":{"line":25,"column":56}},"5":{"start":{"line":26,"column":4},"end":{"line":30,"column":6}},"6":{"start":{"line":32,"column":4},"end":{"line":32,"column":75}},"7":{"start":{"line":33,"column":4},"end":{"line":37,"column":6}},"8":{"start":{"line":39,"column":4},"end":{"line":39,"column":44}},"9":{"start":{"line":57,"column":16},"end":{"line":57,"column":26}},"10":{"start":{"line":58,"column":26},"end":{"line":58,"column":69}},"11":{"start":{"line":61,"column":4},"end":{"line":76,"column":5}},"12":{"start":{"line":62,"column":6},"end":{"line":75,"column":7}},"13":{"start":{"line":64,"column":8},"end":{"line":64,"column":42}},"14":{"start":{"line":67,"column":8},"end":{"line":71,"column":9}},"15":{"start":{"line":68,"column":10},"end":{"line":68,"column":45}},"16":{"start":{"line":69,"column":10},"end":{"line":69,"column":46}},"17":{"start":{"line":70,"column":10},"end":{"line":70,"column":45}},"18":{"start":{"line":74,"column":8},"end":{"line":74,"column":43}},"19":{"start":{"line":79,"column":4},"end":{"line":87,"column":5}},"20":{"start":{"line":80,"column":6},"end":{"line":80,"column":74}},"21":{"start":{"line":81,"column":6},"end":{"line":86,"column":8}},"22":{"start":{"line":90,"column":4},"end":{"line":90,"column":37}},"23":{"start":{"line":93,"column":4},"end":{"line":131,"column":5}},"24":{"start":{"line":94,"column":24},"end":{"line":94,"column":52}},"25":{"start":{"line":97,"column":6},"end":{"line":106,"column":7}},"26":{"start":{"line":99,"column":8},"end":{"line":99,"column":68}},"27":{"start":{"line":100,"column":8},"end":{"line":105,"column":10}},"28":{"start":{"line":109,"column":6},"end":{"line":118,"column":7}},"29":{"start":{"line":111,"column":8},"end":{"line":111,"column":74}},"30":{"start":{"line":112,"column":8},"end":{"line":117,"column":10}},"31":{"start":{"line":121,"column":6},"end":{"line":130,"column":7}},"32":{"start":{"line":123,"column":8},"end":{"line":123,"column":69}},"33":{"start":{"line":124,"column":8},"end":{"line":129,"column":10}},"34":{"start":{"line":141,"column":4},"end":{"line":141,"column":44}},"35":{"start":{"line":141,"column":37},"end":{"line":141,"column":44}},"36":{"start":{"line":144,"column":28},"end":{"line":144,"column":66}},"37":{"start":{"line":145,"column":4},"end":{"line":145,"column":33}},"38":{"start":{"line":145,"column":26},"end":{"line":145,"column":33}},"39":{"start":{"line":148,"column":4},"end":{"line":154,"column":5}},"40":{"start":{"line":149,"column":6},"end":{"line":153,"column":9}},"41":{"start":{"line":156,"column":22},"end":{"line":156,"column":59}},"42":{"start":{"line":159,"column":4},"end":{"line":165,"column":5}},"43":{"start":{"line":161,"column":6},"end":{"line":161,"column":64}},"44":{"start":{"line":162,"column":6},"end":{"line":164,"column":7}},"45":{"start":{"line":163,"column":8},"end":{"line":163,"column":67}},"46":{"start":{"line":168,"column":4},"end":{"line":174,"column":5}},"47":{"start":{"line":170,"column":6},"end":{"line":170,"column":75}},"48":{"start":{"line":171,"column":6},"end":{"line":173,"column":7}},"49":{"start":{"line":172,"column":8},"end":{"line":172,"column":95}},"50":{"start":{"line":177,"column":4},"end":{"line":182,"column":5}},"51":{"start":{"line":178,"column":6},"end":{"line":178,"column":64}},"52":{"start":{"line":179,"column":6},"end":{"line":181,"column":7}},"53":{"start":{"line":180,"column":8},"end":{"line":180,"column":59}},"54":{"start":{"line":185,"column":4},"end":{"line":185,"column":52}},"55":{"start":{"line":195,"column":4},"end":{"line":195,"column":53}},"56":{"start":{"line":195,"column":28},"end":{"line":195,"column":53}},"57":{"start":{"line":196,"column":4},"end":{"line":196,"column":64}},"58":{"start":{"line":196,"column":34},"end":{"line":196,"column":64}},"59":{"start":{"line":197,"column":4},"end":{"line":197,"column":16}},"60":{"start":{"line":206,"column":4},"end":{"line":206,"column":47}},"61":{"start":{"line":214,"column":4},"end":{"line":214,"column":36}},"62":{"start":{"line":223,"column":4},"end":{"line":223,"column":56}},"63":{"start":{"line":223,"column":49},"end":{"line":223,"column":56}},"64":{"start":{"line":225,"column":22},"end":{"line":225,"column":50}},"65":{"start":{"line":228,"column":4},"end":{"line":231,"column":5}},"66":{"start":{"line":229,"column":6},"end":{"line":229,"column":34}},"67":{"start":{"line":230,"column":6},"end":{"line":230,"column":106}},"68":{"start":{"line":234,"column":4},"end":{"line":237,"column":5}},"69":{"start":{"line":235,"column":6},"end":{"line":235,"column":39}},"70":{"start":{"line":236,"column":6},"end":{"line":236,"column":117}},"71":{"start":{"line":240,"column":4},"end":{"line":243,"column":5}},"72":{"start":{"line":241,"column":6},"end":{"line":241,"column":35}},"73":{"start":{"line":242,"column":6},"end":{"line":242,"column":108}},"74":{"start":{"line":246,"column":4},"end":{"line":246,"column":43}},"75":{"start":{"line":254,"column":4},"end":{"line":254,"column":35}},"76":{"start":{"line":264,"column":16},"end":{"line":264,"column":43}},"77":{"start":{"line":265,"column":16},"end":{"line":265,"column":26}},"78":{"start":{"line":268,"column":19},"end":{"line":268,"column":51}},"79":{"start":{"line":269,"column":4},"end":{"line":275,"column":5}},"80":{"start":{"line":270,"column":6},"end":{"line":274,"column":8}},"81":{"start":{"line":278,"column":4},"end":{"line":280,"column":5}},"82":{"start":{"line":279,"column":6},"end":{"line":279,"column":28}},"83":{"start":{"line":283,"column":4},"end":{"line":283,"column":24}},"84":{"start":{"line":284,"column":4},"end":{"line":284,"column":31}},"85":{"start":{"line":287,"column":4},"end":{"line":287,"column":47}},"86":{"start":{"line":290,"column":22},"end":{"line":290,"column":37}},"87":{"start":{"line":291,"column":20},"end":{"line":291,"column":40}},"88":{"start":{"line":294,"column":27},"end":{"line":297,"column":13}},"89":{"start":{"line":295,"column":19},"end":{"line":296,"column":75}},"90":{"start":{"line":299,"column":27},"end":{"line":302,"column":13}},"91":{"start":{"line":300,"column":19},"end":{"line":301,"column":75}},"92":{"start":{"line":305,"column":4},"end":{"line":308,"column":5}},"93":{"start":{"line":306,"column":6},"end":{"line":306,"column":132}},"94":{"start":{"line":307,"column":6},"end":{"line":307,"column":18}},"95":{"start":{"line":310,"column":4},"end":{"line":313,"column":5}},"96":{"start":{"line":311,"column":6},"end":{"line":311,"column":130}},"97":{"start":{"line":312,"column":6},"end":{"line":312,"column":18}},"98":{"start":{"line":315,"column":4},"end":{"line":315,"column":17}},"99":{"start":{"line":325,"column":16},"end":{"line":325,"column":43}},"100":{"start":{"line":326,"column":21},"end":{"line":326,"column":53}},"101":{"start":{"line":328,"column":4},"end":{"line":328,"column":32}},"102":{"start":{"line":328,"column":19},"end":{"line":328,"column":32}},"103":{"start":{"line":330,"column":16},"end":{"line":330,"column":26}},"104":{"start":{"line":331,"column":22},"end":{"line":331,"column":37}},"105":{"start":{"line":332,"column":20},"end":{"line":332,"column":40}},"106":{"start":{"line":335,"column":27},"end":{"line":338,"column":13}},"107":{"start":{"line":336,"column":19},"end":{"line":337,"column":75}},"108":{"start":{"line":340,"column":27},"end":{"line":343,"column":13}},"109":{"start":{"line":341,"column":19},"end":{"line":342,"column":75}},"110":{"start":{"line":345,"column":4},"end":{"line":346,"column":74}},"111":{"start":{"line":356,"column":16},"end":{"line":356,"column":43}},"112":{"start":{"line":357,"column":4},"end":{"line":357,"column":52}},"113":{"start":{"line":366,"column":16},"end":{"line":366,"column":43}},"114":{"start":{"line":367,"column":4},"end":{"line":367,"column":40}},"115":{"start":{"line":375,"column":4},"end":{"line":375,"column":44}},"116":{"start":{"line":380,"column":0},"end":{"line":380,"column":33}}},"fnMap":{"0":{"name":"(anonymous_1)","decl":{"start":{"line":24,"column":2},"end":{"line":24,"column":null}},"loc":{"start":{"line":24,"column":2},"end":{"line":40,"column":3}}},"1":{"name":"(anonymous_2)","decl":{"start":{"line":54,"column":9},"end":{"line":54,"column":14}},"loc":{"start":{"line":54,"column":63},"end":{"line":132,"column":3}}},"2":{"name":"(anonymous_3)","decl":{"start":{"line":140,"column":9},"end":{"line":140,"column":25}},"loc":{"start":{"line":140,"column":74},"end":{"line":186,"column":3}}},"3":{"name":"(anonymous_4)","decl":{"start":{"line":193,"column":10},"end":{"line":193,"column":23}},"loc":{"start":{"line":193,"column":37},"end":{"line":198,"column":3}}},"4":{"name":"(anonymous_5)","decl":{"start":{"line":205,"column":9},"end":{"line":205,"column":26}},"loc":{"start":{"line":205,"column":41},"end":{"line":207,"column":3}}},"5":{"name":"(anonymous_6)","decl":{"start":{"line":213,"column":9},"end":{"line":213,"column":28}},"loc":{"start":{"line":213,"column":28},"end":{"line":215,"column":3}}},"6":{"name":"(anonymous_7)","decl":{"start":{"line":222,"column":9},"end":{"line":222,"column":27}},"loc":{"start":{"line":222,"column":60},"end":{"line":247,"column":3}}},"7":{"name":"(anonymous_8)","decl":{"start":{"line":253,"column":9},"end":{"line":253,"column":28}},"loc":{"start":{"line":253,"column":43},"end":{"line":255,"column":3}}},"8":{"name":"(anonymous_9)","decl":{"start":{"line":263,"column":9},"end":{"line":263,"column":31}},"loc":{"start":{"line":263,"column":68},"end":{"line":316,"column":3}}},"9":{"name":"(anonymous_10)","decl":{"start":{"line":295,"column":14},"end":{"line":295,"column":15}},"loc":{"start":{"line":295,"column":19},"end":{"line":296,"column":75}}},"10":{"name":"(anonymous_11)","decl":{"start":{"line":300,"column":14},"end":{"line":300,"column":15}},"loc":{"start":{"line":300,"column":19},"end":{"line":301,"column":75}}},"11":{"name":"(anonymous_12)","decl":{"start":{"line":324,"column":9},"end":{"line":324,"column":32}},"loc":{"start":{"line":324,"column":69},"end":{"line":347,"column":3}}},"12":{"name":"(anonymous_13)","decl":{"start":{"line":336,"column":14},"end":{"line":336,"column":15}},"loc":{"start":{"line":336,"column":19},"end":{"line":337,"column":75}}},"13":{"name":"(anonymous_14)","decl":{"start":{"line":341,"column":14},"end":{"line":341,"column":15}},"loc":{"start":{"line":341,"column":19},"end":{"line":342,"column":75}}},"14":{"name":"(anonymous_15)","decl":{"start":{"line":355,"column":9},"end":{"line":355,"column":37}},"loc":{"start":{"line":355,"column":74},"end":{"line":358,"column":3}}},"15":{"name":"(anonymous_16)","decl":{"start":{"line":365,"column":9},"end":{"line":365,"column":39}},"loc":{"start":{"line":365,"column":76},"end":{"line":368,"column":3}}},"16":{"name":"(anonymous_17)","decl":{"start":{"line":374,"column":9},"end":{"line":374,"column":32}},"loc":{"start":{"line":374,"column":32},"end":{"line":376,"column":3}}}},"branchMap":{"0":{"loc":{"start":{"line":61,"column":4},"end":{"line":76,"column":5}},"type":"if","locations":[{"start":{"line":61,"column":4},"end":{"line":76,"column":5}}]},"1":{"loc":{"start":{"line":61,"column":8},"end":{"line":61,"column":52}},"type":"binary-expr","locations":[{"start":{"line":61,"column":8},"end":{"line":61,"column":21}},{"start":{"line":61,"column":25},"end":{"line":61,"column":52}}]},"2":{"loc":{"start":{"line":67,"column":8},"end":{"line":71,"column":9}},"type":"if","locations":[{"start":{"line":67,"column":8},"end":{"line":71,"column":9}}]},"3":{"loc":{"start":{"line":79,"column":4},"end":{"line":87,"column":5}},"type":"if","locations":[{"start":{"line":79,"column":4},"end":{"line":87,"column":5}}]},"4":{"loc":{"start":{"line":93,"column":4},"end":{"line":131,"column":5}},"type":"if","locations":[{"start":{"line":93,"column":4},"end":{"line":131,"column":5}}]},"5":{"loc":{"start":{"line":93,"column":8},"end":{"line":93,"column":45}},"type":"binary-expr","locations":[{"start":{"line":93,"column":8},"end":{"line":93,"column":14}},{"start":{"line":93,"column":18},"end":{"line":93,"column":45}}]},"6":{"loc":{"start":{"line":97,"column":6},"end":{"line":106,"column":7}},"type":"if","locations":[{"start":{"line":97,"column":6},"end":{"line":106,"column":7}}]},"7":{"loc":{"start":{"line":97,"column":10},"end":{"line":98,"column":80}},"type":"binary-expr","locations":[{"start":{"line":97,"column":10},"end":{"line":97,"column":44}},{"start":{"line":98,"column":10},"end":{"line":98,"column":40}},{"start":{"line":98,"column":44},"end":{"line":98,"column":80}}]},"8":{"loc":{"start":{"line":109,"column":6},"end":{"line":118,"column":7}},"type":"if","locations":[{"start":{"line":109,"column":6},"end":{"line":118,"column":7}}]},"9":{"loc":{"start":{"line":109,"column":10},"end":{"line":110,"column":90}},"type":"binary-expr","locations":[{"start":{"line":109,"column":10},"end":{"line":109,"column":51}},{"start":{"line":110,"column":10},"end":{"line":110,"column":45}},{"start":{"line":110,"column":49},"end":{"line":110,"column":90}}]},"10":{"loc":{"start":{"line":121,"column":6},"end":{"line":130,"column":7}},"type":"if","locations":[{"start":{"line":121,"column":6},"end":{"line":130,"column":7}}]},"11":{"loc":{"start":{"line":121,"column":10},"end":{"line":122,"column":82}},"type":"binary-expr","locations":[{"start":{"line":121,"column":10},"end":{"line":121,"column":31}},{"start":{"line":122,"column":10},"end":{"line":122,"column":41}},{"start":{"line":122,"column":45},"end":{"line":122,"column":82}}]},"12":{"loc":{"start":{"line":141,"column":4},"end":{"line":141,"column":44}},"type":"if","locations":[{"start":{"line":141,"column":4},"end":{"line":141,"column":44}}]},"13":{"loc":{"start":{"line":141,"column":8},"end":{"line":141,"column":35}},"type":"binary-expr","locations":[{"start":{"line":141,"column":8},"end":{"line":141,"column":17}},{"start":{"line":141,"column":21},"end":{"line":141,"column":35}}]},"14":{"loc":{"start":{"line":144,"column":28},"end":{"line":144,"column":66}},"type":"binary-expr","locations":[{"start":{"line":144,"column":28},"end":{"line":144,"column":34}},{"start":{"line":144,"column":38},"end":{"line":144,"column":66}}]},"15":{"loc":{"start":{"line":145,"column":4},"end":{"line":145,"column":33}},"type":"if","locations":[{"start":{"line":145,"column":4},"end":{"line":145,"column":33}}]},"16":{"loc":{"start":{"line":148,"column":4},"end":{"line":154,"column":5}},"type":"if","locations":[{"start":{"line":148,"column":4},"end":{"line":154,"column":5}}]},"17":{"loc":{"start":{"line":159,"column":4},"end":{"line":165,"column":5}},"type":"if","locations":[{"start":{"line":159,"column":4},"end":{"line":165,"column":5}}]},"18":{"loc":{"start":{"line":159,"column":8},"end":{"line":160,"column":51}},"type":"binary-expr","locations":[{"start":{"line":159,"column":8},"end":{"line":159,"column":42}},{"start":{"line":160,"column":8},"end":{"line":160,"column":51}}]},"19":{"loc":{"start":{"line":162,"column":6},"end":{"line":164,"column":7}},"type":"if","locations":[{"start":{"line":162,"column":6},"end":{"line":164,"column":7}}]},"20":{"loc":{"start":{"line":168,"column":4},"end":{"line":174,"column":5}},"type":"if","locations":[{"start":{"line":168,"column":4},"end":{"line":174,"column":5}}]},"21":{"loc":{"start":{"line":168,"column":8},"end":{"line":169,"column":33}},"type":"binary-expr","locations":[{"start":{"line":168,"column":8},"end":{"line":168,"column":49}},{"start":{"line":169,"column":8},"end":{"line":169,"column":33}}]},"22":{"loc":{"start":{"line":171,"column":6},"end":{"line":173,"column":7}},"type":"if","locations":[{"start":{"line":171,"column":6},"end":{"line":173,"column":7}}]},"23":{"loc":{"start":{"line":177,"column":4},"end":{"line":182,"column":5}},"type":"if","locations":[{"start":{"line":177,"column":4},"end":{"line":182,"column":5}}]},"24":{"loc":{"start":{"line":178,"column":35},"end":{"line":178,"column":63}},"type":"binary-expr","locations":[{"start":{"line":178,"column":35},"end":{"line":178,"column":58}},{"start":{"line":178,"column":62},"end":{"line":178,"column":63}}]},"25":{"loc":{"start":{"line":179,"column":6},"end":{"line":181,"column":7}},"type":"if","locations":[{"start":{"line":179,"column":6},"end":{"line":181,"column":7}}]},"26":{"loc":{"start":{"line":195,"column":4},"end":{"line":195,"column":53}},"type":"if","locations":[{"start":{"line":195,"column":4},"end":{"line":195,"column":53}}]},"27":{"loc":{"start":{"line":196,"column":4},"end":{"line":196,"column":64}},"type":"if","locations":[{"start":{"line":196,"column":4},"end":{"line":196,"column":64}}]},"28":{"loc":{"start":{"line":206,"column":11},"end":{"line":206,"column":46}},"type":"binary-expr","locations":[{"start":{"line":206,"column":11},"end":{"line":206,"column":38}},{"start":{"line":206,"column":42},"end":{"line":206,"column":46}}]},"29":{"loc":{"start":{"line":223,"column":4},"end":{"line":223,"column":56}},"type":"if","locations":[{"start":{"line":223,"column":4},"end":{"line":223,"column":56}}]},"30":{"loc":{"start":{"line":223,"column":8},"end":{"line":223,"column":47}},"type":"binary-expr","locations":[{"start":{"line":223,"column":8},"end":{"line":223,"column":15}},{"start":{"line":223,"column":19},"end":{"line":223,"column":47}}]},"31":{"loc":{"start":{"line":228,"column":4},"end":{"line":231,"column":5}},"type":"if","locations":[{"start":{"line":228,"column":4},"end":{"line":231,"column":5}}]},"32":{"loc":{"start":{"line":228,"column":8},"end":{"line":228,"column":75}},"type":"binary-expr","locations":[{"start":{"line":228,"column":8},"end":{"line":228,"column":42}},{"start":{"line":228,"column":46},"end":{"line":228,"column":75}}]},"33":{"loc":{"start":{"line":234,"column":4},"end":{"line":237,"column":5}},"type":"if","locations":[{"start":{"line":234,"column":4},"end":{"line":237,"column":5}}]},"34":{"loc":{"start":{"line":234,"column":8},"end":{"line":234,"column":87}},"type":"binary-expr","locations":[{"start":{"line":234,"column":8},"end":{"line":234,"column":49}},{"start":{"line":234,"column":53},"end":{"line":234,"column":87}}]},"35":{"loc":{"start":{"line":240,"column":4},"end":{"line":243,"column":5}},"type":"if","locations":[{"start":{"line":240,"column":4},"end":{"line":243,"column":5}}]},"36":{"loc":{"start":{"line":240,"column":8},"end":{"line":240,"column":63}},"type":"binary-expr","locations":[{"start":{"line":240,"column":8},"end":{"line":240,"column":29}},{"start":{"line":240,"column":33},"end":{"line":240,"column":63}}]},"37":{"loc":{"start":{"line":269,"column":4},"end":{"line":275,"column":5}},"type":"if","locations":[{"start":{"line":269,"column":4},"end":{"line":275,"column":5}}]},"38":{"loc":{"start":{"line":278,"column":4},"end":{"line":280,"column":5}},"type":"if","locations":[{"start":{"line":278,"column":4},"end":{"line":280,"column":5}}]},"39":{"loc":{"start":{"line":295,"column":19},"end":{"line":296,"column":75}},"type":"binary-expr","locations":[{"start":{"line":295,"column":19},"end":{"line":295,"column":44}},{"start":{"line":296,"column":16},"end":{"line":296,"column":39}},{"start":{"line":296,"column":43},"end":{"line":296,"column":74}}]},"40":{"loc":{"start":{"line":300,"column":19},"end":{"line":301,"column":75}},"type":"binary-expr","locations":[{"start":{"line":300,"column":19},"end":{"line":300,"column":42}},{"start":{"line":301,"column":16},"end":{"line":301,"column":39}},{"start":{"line":301,"column":43},"end":{"line":301,"column":74}}]},"41":{"loc":{"start":{"line":305,"column":4},"end":{"line":308,"column":5}},"type":"if","locations":[{"start":{"line":305,"column":4},"end":{"line":308,"column":5}}]},"42":{"loc":{"start":{"line":310,"column":4},"end":{"line":313,"column":5}},"type":"if","locations":[{"start":{"line":310,"column":4},"end":{"line":313,"column":5}}]},"43":{"loc":{"start":{"line":328,"column":4},"end":{"line":328,"column":32}},"type":"if","locations":[{"start":{"line":328,"column":4},"end":{"line":328,"column":32}}]},"44":{"loc":{"start":{"line":336,"column":19},"end":{"line":337,"column":75}},"type":"binary-expr","locations":[{"start":{"line":336,"column":19},"end":{"line":336,"column":44}},{"start":{"line":337,"column":16},"end":{"line":337,"column":39}},{"start":{"line":337,"column":43},"end":{"line":337,"column":74}}]},"45":{"loc":{"start":{"line":341,"column":19},"end":{"line":342,"column":75}},"type":"binary-expr","locations":[{"start":{"line":341,"column":19},"end":{"line":341,"column":42}},{"start":{"line":342,"column":16},"end":{"line":342,"column":39}},{"start":{"line":342,"column":43},"end":{"line":342,"column":74}}]},"46":{"loc":{"start":{"line":345,"column":11},"end":{"line":346,"column":73}},"type":"binary-expr","locations":[{"start":{"line":345,"column":11},"end":{"line":345,"column":75}},{"start":{"line":346,"column":11},"end":{"line":346,"column":73}}]},"47":{"loc":{"start":{"line":357,"column":11},"end":{"line":357,"column":51}},"type":"binary-expr","locations":[{"start":{"line":357,"column":11},"end":{"line":357,"column":43}},{"start":{"line":357,"column":47},"end":{"line":357,"column":51}}]}},"s":{"0":0,"1":0,"2":0,"3":0,"4":0,"5":0,"6":0,"7":0,"8":0,"9":0,"10":0,"11":0,"12":0,"13":0,"14":0,"15":0,"16":0,"17":0,"18":0,"19":0,"20":0,"21":0,"22":0,"23":0,"24":0,"25":0,"26":0,"27":0,"28":0,"29":0,"30":0,"31":0,"32":0,"33":0,"34":0,"35":0,"36":0,"37":0,"38":0,"39":0,"40":0,"41":0,"42":0,"43":0,"44":0,"45":0,"46":0,"47":0,"48":0,"49":0,"50":0,"51":0,"52":0,"53":0,"54":0,"55":0,"56":0,"57":0,"58":0,"59":0,"60":0,"61":0,"62":0,"63":0,"64":0,"65":0,"66":0,"67":0,"68":0,"69":0,"70":0,"71":0,"72":0,"73":0,"74":0,"75":0,"76":0,"77":0,"78":0,"79":0,"80":0,"81":0,"82":0,"83":0,"84":0,"85":0,"86":0,"87":0,"88":0,"89":0,"90":0,"91":0,"92":0,"93":0,"94":0,"95":0,"96":0,"97":0,"98":0,"99":0,"100":0,"101":0,"102":0,"103":0,"104":0,"105":0,"106":0,"107":0,"108":0,"109":0,"110":0,"111":0,"112":0,"113":0,"114":0,"115":0,"116":0},"f":{"0":0,"1":0,"2":0,"3":0,"4":0,"5":0,"6":0,"7":0,"8":0,"9":0,"10":0,"11":0,"12":0,"13":0,"14":0,"15":0,"16":0},"b":{"0":[0],"1":[0,0],"2":[0],"3":[0],"4":[0],"5":[0,0],"6":[0],"7":[0,0,0],"8":[0],"9":[0,0,0],"10":[0],"11":[0,0,0],"12":[0],"13":[0,0],"14":[0,0],"15":[0],"16":[0],"17":[0],"18":[0,0],"19":[0],"20":[0],"21":[0,0],"22":[0],"23":[0],"24":[0,0],"25":[0],"26":[0],"27":[0],"28":[0,0],"29":[0],"30":[0,0],"31":[0],"32":[0,0],"33":[0],"34":[0,0],"35":[0],"36":[0,0],"37":[0],"38":[0],"39":[0,0,0],"40":[0,0,0],"41":[0],"42":[0],"43":[0],"44":[0,0,0],"45":[0,0,0],"46":[0,0],"47":[0,0]}}
,"/Users/b.c.nims/ExaContract/tinder/src/utils/logger.ts": {"path":"/Users/b.c.nims/ExaContract/tinder/src/utils/logger.ts","statementMap":{"0":{"start":{"line":6,"column":0},"end":{"line":6,"column":30}},"1":{"start":{"line":7,"column":0},"end":{"line":7,"column":31}},"2":{"start":{"line":13,"column":30},"end":{"line":26,"column":2}},"3":{"start":{"line":33,"column":26},"end":{"line":75,"column":1}},"4":{"start":{"line":35,"column":2},"end":{"line":37,"column":3}},"5":{"start":{"line":36,"column":4},"end":{"line":36,"column":19}},"6":{"start":{"line":40,"column":2},"end":{"line":46,"column":3}},"7":{"start":{"line":41,"column":24},"end":{"line":41,"column":31}},"8":{"start":{"line":42,"column":4},"end":{"line":44,"column":7}},"9":{"start":{"line":43,"column":6},"end":{"line":43,"column":66}},"10":{"start":{"line":45,"column":4},"end":{"line":45,"column":25}},"11":{"start":{"line":49,"column":2},"end":{"line":72,"column":3}},"12":{"start":{"line":51,"column":25},"end":{"line":51,"column":39}},"13":{"start":{"line":54,"column":4},"end":{"line":69,"column":7}},"14":{"start":{"line":56,"column":6},"end":{"line":58,"column":7}},"15":{"start":{"line":57,"column":8},"end":{"line":57,"column":15}},"16":{"start":{"line":60,"column":6},"end":{"line":68,"column":7}},"17":{"start":{"line":61,"column":26},"end":{"line":61,"column":43}},"18":{"start":{"line":62,"column":8},"end":{"line":64,"column":11}},"19":{"start":{"line":63,"column":10},"end":{"line":63,"column":66}},"20":{"start":{"line":65,"column":8},"end":{"line":65,"column":40}},"21":{"start":{"line":66,"column":13},"end":{"line":68,"column":7}},"22":{"start":{"line":67,"column":8},"end":{"line":67,"column":65}},"23":{"start":{"line":71,"column":4},"end":{"line":71,"column":24}},"24":{"start":{"line":74,"column":2},"end":{"line":74,"column":17}},"25":{"start":{"line":80,"column":18},"end":{"line":90,"column":null}},"26":{"start":{"line":84,"column":26},"end":{"line":84,"column":52}},"27":{"start":{"line":85,"column":4},"end":{"line":89,"column":7}},"28":{"start":{"line":96,"column":29},"end":{"line":106,"column":6}},"29":{"start":{"line":111,"column":15},"end":{"line":126,"column":2}},"30":{"start":{"line":128,"column":0},"end":{"line":128,"column":22}}},"fnMap":{"0":{"name":"(anonymous_1)","decl":{"start":{"line":33,"column":26},"end":{"line":33,"column":27}},"loc":{"start":{"line":33,"column":48},"end":{"line":75,"column":1}}},"1":{"name":"(anonymous_2)","decl":{"start":{"line":42,"column":34},"end":{"line":42,"column":35}},"loc":{"start":{"line":42,"column":63},"end":{"line":44,"column":5}}},"2":{"name":"(anonymous_3)","decl":{"start":{"line":54,"column":38},"end":{"line":54,"column":41}},"loc":{"start":{"line":54,"column":44},"end":{"line":69,"column":5}}},"3":{"name":"(anonymous_4)","decl":{"start":{"line":62,"column":38},"end":{"line":62,"column":39}},"loc":{"start":{"line":62,"column":67},"end":{"line":64,"column":9}}},"4":{"name":"(anonymous_5)","decl":{"start":{"line":82,"column":24},"end":{"line":82,"column":25}},"loc":{"start":{"line":82,"column":58},"end":{"line":90,"column":3}}}},"branchMap":{"0":{"loc":{"start":{"line":35,"column":2},"end":{"line":37,"column":3}},"type":"if","locations":[{"start":{"line":35,"column":2},"end":{"line":37,"column":3}}]},"1":{"loc":{"start":{"line":35,"column":6},"end":{"line":35,"column":64}},"type":"binary-expr","locations":[{"start":{"line":35,"column":6},"end":{"line":35,"column":33}},{"start":{"line":35,"column":37},"end":{"line":35,"column":64}}]},"2":{"loc":{"start":{"line":40,"column":2},"end":{"line":46,"column":3}},"type":"if","locations":[{"start":{"line":40,"column":2},"end":{"line":46,"column":3}}]},"3":{"loc":{"start":{"line":49,"column":2},"end":{"line":72,"column":3}},"type":"if","locations":[{"start":{"line":49,"column":2},"end":{"line":72,"column":3}}]},"4":{"loc":{"start":{"line":56,"column":6},"end":{"line":58,"column":7}},"type":"if","locations":[{"start":{"line":56,"column":6},"end":{"line":58,"column":7}}]},"5":{"loc":{"start":{"line":56,"column":10},"end":{"line":56,"column":61}},"type":"binary-expr","locations":[{"start":{"line":56,"column":10},"end":{"line":56,"column":25}},{"start":{"line":56,"column":29},"end":{"line":56,"column":61}}]},"6":{"loc":{"start":{"line":60,"column":6},"end":{"line":68,"column":7}},"type":"if","locations":[{"start":{"line":60,"column":6},"end":{"line":68,"column":7}},{"start":{"line":66,"column":13},"end":{"line":68,"column":7}}]},"7":{"loc":{"start":{"line":66,"column":13},"end":{"line":68,"column":7}},"type":"if","locations":[{"start":{"line":66,"column":13},"end":{"line":68,"column":7}}]},"8":{"loc":{"start":{"line":66,"column":17},"end":{"line":66,"column":84}},"type":"binary-expr","locations":[{"start":{"line":66,"column":17},"end":{"line":66,"column":54}},{"start":{"line":66,"column":58},"end":{"line":66,"column":84}}]},"9":{"loc":{"start":{"line":86,"column":6},"end":{"line":88,"column":null}},"type":"cond-expr","locations":[{"start":{"line":87,"column":10},"end":{"line":87,"column":39}},{"start":{"line":88,"column":10},"end":{"line":88,"column":null}}]},"10":{"loc":{"start":{"line":96,"column":29},"end":{"line":106,"column":6}},"type":"cond-expr","locations":[{"start":{"line":97,"column":4},"end":{"line":105,"column":null}},{"start":{"line":106,"column":4},"end":{"line":106,"column":6}}]}},"s":{"0":0,"1":0,"2":0,"3":0,"4":0,"5":0,"6":0,"7":0,"8":0,"9":0,"10":0,"11":0,"12":0,"13":0,"14":0,"15":0,"16":0,"17":0,"18":0,"19":0,"20":0,"21":0,"22":0,"23":0,"24":0,"25":0,"26":0,"27":0,"28":0,"29":0,"30":0},"f":{"0":0,"1":0,"2":0,"3":0,"4":0},"b":{"0":[0],"1":[0,0],"2":[0],"3":[0],"4":[0],"5":[0,0],"6":[0,0],"7":[0],"8":[0,0],"9":[0,0],"10":[0,0]}}
,"/Users/b.c.nims/ExaContract/tinder/src/utils/sanitizer.ts": {"path":"/Users/b.c.nims/ExaContract/tinder/src/utils/sanitizer.ts","statementMap":{"0":{"start":{"line":210,"column":0},"end":{"line":210,"column":16}},"1":{"start":{"line":219,"column":0},"end":{"line":219,"column":16}},"2":{"start":{"line":228,"column":0},"end":{"line":228,"column":16}},"3":{"start":{"line":6,"column":0},"end":{"line":6,"column":24}},"4":{"start":{"line":7,"column":0},"end":{"line":7,"column":30}},"5":{"start":{"line":52,"column":45},"end":{"line":59,"column":2}},"6":{"start":{"line":68,"column":4},"end":{"line":68,"column":54}},"7":{"start":{"line":79,"column":4},"end":{"line":82,"column":5}},"8":{"start":{"line":80,"column":6},"end":{"line":80,"column":71}},"9":{"start":{"line":81,"column":6},"end":{"line":81,"column":18}},"10":{"start":{"line":85,"column":4},"end":{"line":87,"column":5}},"11":{"start":{"line":86,"column":6},"end":{"line":86,"column":19}},"12":{"start":{"line":89,"column":4},"end":{"line":91,"column":5}},"13":{"start":{"line":90,"column":6},"end":{"line":90,"column":40}},"14":{"start":{"line":93,"column":4},"end":{"line":95,"column":5}},"15":{"start":{"line":94,"column":6},"end":{"line":94,"column":19}},"16":{"start":{"line":97,"column":4},"end":{"line":99,"column":5}},"17":{"start":{"line":98,"column":6},"end":{"line":98,"column":53}},"18":{"start":{"line":101,"column":4},"end":{"line":103,"column":5}},"19":{"start":{"line":102,"column":6},"end":{"line":102,"column":54}},"20":{"start":{"line":106,"column":4},"end":{"line":106,"column":16}},"21":{"start":{"line":115,"column":20},"end":{"line":115,"column":23}},"22":{"start":{"line":118,"column":4},"end":{"line":121,"column":5}},"23":{"start":{"line":119,"column":6},"end":{"line":119,"column":71}},"24":{"start":{"line":120,"column":6},"end":{"line":120,"column":59}},"25":{"start":{"line":124,"column":4},"end":{"line":126,"column":5}},"26":{"start":{"line":125,"column":6},"end":{"line":125,"column":52}},"27":{"start":{"line":129,"column":4},"end":{"line":133,"column":5}},"28":{"start":{"line":130,"column":6},"end":{"line":130,"column":95}},"29":{"start":{"line":131,"column":6},"end":{"line":131,"column":57}},"30":{"start":{"line":132,"column":6},"end":{"line":132,"column":55}},"31":{"start":{"line":136,"column":4},"end":{"line":144,"column":5}},"32":{"start":{"line":137,"column":6},"end":{"line":143,"column":34}},"33":{"start":{"line":146,"column":4},"end":{"line":146,"column":21}},"34":{"start":{"line":156,"column":4},"end":{"line":156,"column":66}},"35":{"start":{"line":156,"column":27},"end":{"line":156,"column":64}},"36":{"start":{"line":166,"column":27},"end":{"line":166,"column":29}},"37":{"start":{"line":168,"column":4},"end":{"line":186,"column":5}},"38":{"start":{"line":170,"column":6},"end":{"line":173,"column":7}},"39":{"start":{"line":171,"column":8},"end":{"line":171,"column":75}},"40":{"start":{"line":172,"column":8},"end":{"line":172,"column":17}},"41":{"start":{"line":176,"column":6},"end":{"line":179,"column":7}},"42":{"start":{"line":177,"column":8},"end":{"line":177,"column":86}},"43":{"start":{"line":178,"column":8},"end":{"line":178,"column":17}},"44":{"start":{"line":182,"column":27},"end":{"line":182,"column":51}},"45":{"start":{"line":185,"column":6},"end":{"line":185,"column":71}},"46":{"start":{"line":188,"column":4},"end":{"line":188,"column":21}},"47":{"start":{"line":196,"column":4},"end":{"line":196,"column":58}},"48":{"start":{"line":196,"column":38},"end":{"line":196,"column":56}},"49":{"start":{"line":64,"column":0},"end":{"line":64,"column":13}},"50":{"start":{"line":203,"column":13},"end":{"line":203,"column":48}},"51":{"start":{"line":211,"column":2},"end":{"line":211,"column":42}},"52":{"start":{"line":220,"column":2},"end":{"line":220,"column":32}},"53":{"start":{"line":229,"column":23},"end":{"line":236,"column":4}},"54":{"start":{"line":238,"column":2},"end":{"line":238,"column":37}},"55":{"start":{"line":241,"column":0},"end":{"line":247,"column":2}}},"fnMap":{"0":{"name":"(anonymous_1)","decl":{"start":{"line":67,"column":2},"end":{"line":67,"column":14}},"loc":{"start":{"line":67,"column":47},"end":{"line":69,"column":3}}},"1":{"name":"(anonymous_2)","decl":{"start":{"line":77,"column":9},"end":{"line":77,"column":17}},"loc":{"start":{"line":77,"column":54},"end":{"line":107,"column":3}}},"2":{"name":"(anonymous_3)","decl":{"start":{"line":114,"column":10},"end":{"line":114,"column":24}},"loc":{"start":{"line":114,"column":36},"end":{"line":147,"column":3}}},"3":{"name":"(anonymous_4)","decl":{"start":{"line":155,"column":10},"end":{"line":155,"column":23}},"loc":{"start":{"line":155,"column":56},"end":{"line":157,"column":3}}},"4":{"name":"(anonymous_5)","decl":{"start":{"line":156,"column":19},"end":{"line":156,"column":23}},"loc":{"start":{"line":156,"column":27},"end":{"line":156,"column":64}}},"5":{"name":"(anonymous_6)","decl":{"start":{"line":165,"column":10},"end":{"line":165,"column":24}},"loc":{"start":{"line":165,"column":55},"end":{"line":189,"column":3}}},"6":{"name":"(anonymous_7)","decl":{"start":{"line":195,"column":9},"end":{"line":195,"column":33}},"loc":{"start":{"line":195,"column":33},"end":{"line":197,"column":3}}},"7":{"name":"(anonymous_8)","decl":{"start":{"line":196,"column":29},"end":{"line":196,"column":30}},"loc":{"start":{"line":196,"column":38},"end":{"line":196,"column":56}}},"8":{"name":"sanitize","decl":{"start":{"line":210,"column":16},"end":{"line":210,"column":24}},"loc":{"start":{"line":210,"column":35},"end":{"line":212,"column":1}}},"9":{"name":"createSanitizer","decl":{"start":{"line":219,"column":16},"end":{"line":219,"column":31}},"loc":{"start":{"line":219,"column":60},"end":{"line":221,"column":1}}},"10":{"name":"sanitizeRequestBody","decl":{"start":{"line":228,"column":16},"end":{"line":228,"column":35}},"loc":{"start":{"line":228,"column":45},"end":{"line":239,"column":1}}}},"branchMap":{"0":{"loc":{"start":{"line":67,"column":14},"end":{"line":67,"column":47}},"type":"default-arg","locations":[{"start":{"line":67,"column":45},"end":{"line":67,"column":47}}]},"1":{"loc":{"start":{"line":77,"column":30},"end":{"line":77,"column":54}},"type":"default-arg","locations":[{"start":{"line":77,"column":53},"end":{"line":77,"column":54}}]},"2":{"loc":{"start":{"line":79,"column":4},"end":{"line":82,"column":5}},"type":"if","locations":[{"start":{"line":79,"column":4},"end":{"line":82,"column":5}}]},"3":{"loc":{"start":{"line":85,"column":4},"end":{"line":87,"column":5}},"type":"if","locations":[{"start":{"line":85,"column":4},"end":{"line":87,"column":5}}]},"4":{"loc":{"start":{"line":85,"column":8},"end":{"line":85,"column":45}},"type":"binary-expr","locations":[{"start":{"line":85,"column":8},"end":{"line":85,"column":22}},{"start":{"line":85,"column":26},"end":{"line":85,"column":45}}]},"5":{"loc":{"start":{"line":89,"column":4},"end":{"line":91,"column":5}},"type":"if","locations":[{"start":{"line":89,"column":4},"end":{"line":91,"column":5}}]},"6":{"loc":{"start":{"line":93,"column":4},"end":{"line":95,"column":5}},"type":"if","locations":[{"start":{"line":93,"column":4},"end":{"line":95,"column":5}}]},"7":{"loc":{"start":{"line":93,"column":8},"end":{"line":93,"column":63}},"type":"binary-expr","locations":[{"start":{"line":93,"column":8},"end":{"line":93,"column":33}},{"start":{"line":93,"column":37},"end":{"line":93,"column":63}}]},"8":{"loc":{"start":{"line":97,"column":4},"end":{"line":99,"column":5}},"type":"if","locations":[{"start":{"line":97,"column":4},"end":{"line":99,"column":5}}]},"9":{"loc":{"start":{"line":101,"column":4},"end":{"line":103,"column":5}},"type":"if","locations":[{"start":{"line":101,"column":4},"end":{"line":103,"column":5}}]},"10":{"loc":{"start":{"line":118,"column":4},"end":{"line":121,"column":5}},"type":"if","locations":[{"start":{"line":118,"column":4},"end":{"line":121,"column":5}}]},"11":{"loc":{"start":{"line":118,"column":8},"end":{"line":118,"column":87}},"type":"binary-expr","locations":[{"start":{"line":118,"column":8},"end":{"line":118,"column":36}},{"start":{"line":118,"column":40},"end":{"line":118,"column":87}}]},"12":{"loc":{"start":{"line":124,"column":4},"end":{"line":126,"column":5}},"type":"if","locations":[{"start":{"line":124,"column":4},"end":{"line":126,"column":5}}]},"13":{"loc":{"start":{"line":129,"column":4},"end":{"line":133,"column":5}},"type":"if","locations":[{"start":{"line":129,"column":4},"end":{"line":133,"column":5}}]},"14":{"loc":{"start":{"line":136,"column":4},"end":{"line":144,"column":5}},"type":"if","locations":[{"start":{"line":136,"column":4},"end":{"line":144,"column":5}}]},"15":{"loc":{"start":{"line":170,"column":6},"end":{"line":173,"column":7}},"type":"if","locations":[{"start":{"line":170,"column":6},"end":{"line":173,"column":7}}]},"16":{"loc":{"start":{"line":176,"column":6},"end":{"line":179,"column":7}},"type":"if","locations":[{"start":{"line":176,"column":6},"end":{"line":179,"column":7}}]},"17":{"loc":{"start":{"line":176,"column":10},"end":{"line":176,"column":77}},"type":"binary-expr","locations":[{"start":{"line":176,"column":10},"end":{"line":176,"column":34}},{"start":{"line":176,"column":38},"end":{"line":176,"column":77}}]}},"s":{"0":0,"1":0,"2":0,"3":0,"4":0,"5":0,"6":0,"7":0,"8":0,"9":0,"10":0,"11":0,"12":0,"13":0,"14":0,"15":0,"16":0,"17":0,"18":0,"19":0,"20":0,"21":0,"22":0,"23":0,"24":0,"25":0,"26":0,"27":0,"28":0,"29":0,"30":0,"31":0,"32":0,"33":0,"34":0,"35":0,"36":0,"37":0,"38":0,"39":0,"40":0,"41":0,"42":0,"43":0,"44":0,"45":0,"46":0,"47":0,"48":0,"49":0,"50":0,"51":0,"52":0,"53":0,"54":0,"55":0},"f":{"0":0,"1":0,"2":0,"3":0,"4":0,"5":0,"6":0,"7":0,"8":0,"9":0,"10":0},"b":{"0":[0],"1":[0],"2":[0],"3":[0],"4":[0,0],"5":[0],"6":[0],"7":[0,0],"8":[0],"9":[0],"10":[0],"11":[0,0],"12":[0],"13":[0],"14":[0],"15":[0],"16":[0],"17":[0,0]}}
}
