TN:
SF:src/schemas/index.ts
FN:169,(anonymous_1)
FN:22,(anonymous_2)
FN:36,(anonymous_3)
FN:77,(anonymous_4)
FN:101,(anonymous_5)
FN:146,(anonymous_6)
FN:155,(anonymous_7)
FN:164,initializeSchemas
FNF:8
FNH:0
FNDA:0,(anonymous_1)
FNDA:0,(anonymous_2)
FNDA:0,(anonymous_3)
FNDA:0,(anonymous_4)
FNDA:0,(anonymous_5)
FNDA:0,(anonymous_6)
FNDA:0,(anonymous_7)
FNDA:0,initializeSchemas
DA:7,0
DA:8,0
DA:9,0
DA:10,0
DA:11,0
DA:12,0
DA:13,0
DA:23,0
DA:24,0
DA:44,0
DA:47,0
DA:49,0
DA:50,0
DA:51,0
DA:52,0
DA:56,0
DA:63,0
DA:66,0
DA:68,0
DA:79,0
DA:80,0
DA:84,0
DA:85,0
DA:86,0
DA:90,0
DA:91,0
DA:102,0
DA:103,0
DA:104,0
DA:107,0
DA:109,0
DA:111,0
DA:112,0
DA:113,0
DA:116,0
DA:117,0
DA:120,0
DA:121,0
DA:124,0
DA:125,0
DA:126,0
DA:127,0
DA:129,0
DA:130,0
DA:131,0
DA:132,0
DA:134,0
DA:136,0
DA:137,0
DA:147,0
DA:156,0
DA:161,0
DA:165,0
DA:169,0
LF:54
LH:0
BRDA:41,0,0,0
BRDA:47,1,0,0
BRDA:47,1,1,0
BRDA:49,2,0,0
BRDA:49,3,0,0
BRDA:49,3,1,0
BRDA:57,4,0,0
BRDA:57,4,1,0
BRDA:58,5,0,0
BRDA:58,5,1,0
BRDA:79,6,0,0
BRDA:79,7,0,0
BRDA:79,7,1,0
BRDA:85,8,0,0
BRDA:90,9,0,0
BRDA:102,10,0,0
BRF:16
BRH:0
end_of_record
TN:
SF:src/schemas/api/auth.schema.ts
FN:155,(anonymous_1)
FN:235,registerAuthSchemas
FNF:2
FNH:0
FNDA:0,(anonymous_1)
FNDA:0,registerAuthSchemas
DA:7,0
DA:8,0
DA:9,0
DA:10,0
DA:11,0
DA:16,0
DA:33,0
DA:53,0
DA:64,0
DA:73,0
DA:81,0
DA:91,0
DA:102,0
DA:112,0
DA:123,0
DA:136,0
DA:143,0
DA:151,0
DA:155,0
DA:163,0
DA:171,0
DA:179,0
DA:187,0
DA:196,0
DA:207,0
DA:216,0
DA:225,0
DA:235,0
DA:237,0
DA:238,0
DA:239,0
DA:240,0
DA:241,0
DA:242,0
DA:243,0
DA:244,0
DA:245,0
DA:246,0
DA:249,0
DA:250,0
DA:251,0
DA:252,0
DA:253,0
DA:254,0
DA:255,0
DA:256,0
DA:257,0
DA:258,0
DA:259,0
DA:263,0
LF:50
LH:0
BRF:0
BRH:0
end_of_record
TN:
SF:src/schemas/api/interaction.schema.ts
FN:221,registerInteractionSchemas
FNF:1
FNH:0
FNDA:0,registerInteractionSchemas
DA:7,0
DA:8,0
DA:9,0
DA:10,0
DA:15,0
DA:26,0
DA:34,0
DA:46,0
DA:59,0
DA:67,0
DA:75,0
DA:89,0
DA:97,0
DA:106,0
DA:113,0
DA:123,0
DA:132,0
DA:154,0
DA:163,0
DA:177,0
DA:185,0
DA:203,0
DA:211,0
DA:221,0
DA:223,0
DA:224,0
DA:225,0
DA:226,0
DA:227,0
DA:228,0
DA:229,0
DA:230,0
DA:233,0
DA:234,0
DA:235,0
DA:236,0
DA:237,0
DA:238,0
DA:239,0
DA:240,0
DA:241,0
DA:242,0
DA:246,0
LF:43
LH:0
BRF:0
BRH:0
end_of_record
TN:
SF:src/schemas/common/auth.schema.ts
FN:117,registerAuthDataSchemas
FNF:1
FNH:0
FNDA:0,registerAuthDataSchemas
DA:7,0
DA:8,0
DA:9,0
DA:10,0
DA:15,0
DA:24,0
DA:33,0
DA:46,0
DA:55,0
DA:67,0
DA:84,0
DA:106,0
DA:117,0
DA:118,0
DA:119,0
DA:120,0
DA:121,0
DA:122,0
DA:123,0
DA:124,0
DA:125,0
DA:129,0
LF:22
LH:0
BRF:0
BRH:0
end_of_record
TN:
SF:src/schemas/common/base.schema.ts
FN:17,(anonymous_0)
FN:57,(anonymous_1)
FN:63,(anonymous_2)
FN:66,(anonymous_3)
FN:75,(anonymous_4)
FN:98,(anonymous_5)
FN:103,(anonymous_6)
FN:107,(anonymous_7)
FN:114,(anonymous_8)
FN:126,(anonymous_9)
FN:137,(anonymous_10)
FN:142,(anonymous_11)
FN:149,registerBaseSchemas
FNF:13
FNH:0
FNDA:0,(anonymous_0)
FNDA:0,(anonymous_1)
FNDA:0,(anonymous_2)
FNDA:0,(anonymous_3)
FNDA:0,(anonymous_4)
FNDA:0,(anonymous_5)
FNDA:0,(anonymous_6)
FNDA:0,(anonymous_7)
FNDA:0,(anonymous_8)
FNDA:0,(anonymous_9)
FNDA:0,(anonymous_10)
FNDA:0,(anonymous_11)
FNDA:0,registerBaseSchemas
DA:8,0
DA:9,0
DA:14,0
DA:16,0
DA:17,0
DA:19,0
DA:24,0
DA:28,0
DA:30,0
DA:38,0
DA:40,0
DA:42,0
DA:44,0
DA:46,0
DA:48,0
DA:55,0
DA:57,0
DA:59,0
DA:62,0
DA:63,0
DA:65,0
DA:66,0
DA:71,0
DA:73,0
DA:76,0
DA:77,0
DA:78,0
DA:88,0
DA:98,0
DA:99,0
DA:103,0
DA:104,0
DA:107,0
DA:114,0
DA:119,0
DA:126,0
DA:130,0
DA:137,0
DA:141,0
DA:142,0
DA:149,0
DA:150,0
DA:151,0
DA:152,0
DA:153,0
DA:154,0
DA:155,0
DA:157,0
DA:158,0
DA:159,0
DA:160,0
DA:161,0
DA:162,0
DA:164,0
DA:165,0
DA:166,0
DA:167,0
DA:169,0
DA:170,0
DA:174,0
LF:60
LH:0
BRDA:76,0,0,0
BRDA:77,1,0,0
BRDA:98,2,0,0
BRDA:103,3,0,0
BRDA:116,4,0,0
BRDA:117,5,0,0
BRDA:127,6,0,0
BRDA:128,7,0,0
BRDA:139,8,0,0
BRF:9
BRH:0
end_of_record
TN:
SF:src/schemas/common/user.schema.ts
FN:41,(anonymous_1)
FN:53,(anonymous_2)
FN:74,(anonymous_3)
FN:79,(anonymous_4)
FN:155,(anonymous_5)
FN:224,registerUserSchemas
FNF:6
FNH:0
FNDA:0,(anonymous_1)
FNDA:0,(anonymous_2)
FNDA:0,(anonymous_3)
FNDA:0,(anonymous_4)
FNDA:0,(anonymous_5)
FNDA:0,registerUserSchemas
DA:7,0
DA:8,0
DA:9,0
DA:14,0
DA:19,0
DA:27,0
DA:32,0
DA:42,0
DA:43,0
DA:44,0
DA:45,0
DA:46,0
DA:47,0
DA:55,0
DA:56,0
DA:57,0
DA:58,0
DA:62,0
DA:63,0
DA:64,0
DA:68,0
DA:75,0
DA:79,0
DA:80,0
DA:89,0
DA:94,0
DA:99,0
DA:111,0
DA:125,0
DA:151,0
DA:155,0
DA:174,0
DA:186,0
DA:197,0
DA:205,0
DA:224,0
DA:225,0
DA:226,0
DA:227,0
DA:228,0
DA:229,0
DA:230,0
DA:231,0
DA:232,0
DA:233,0
DA:234,0
DA:235,0
DA:236,0
DA:237,0
DA:238,0
DA:242,0
LF:51
LH:0
BRDA:43,0,0,0
BRDA:44,1,0,0
BRDA:45,2,0,0
BRDA:46,3,0,0
BRDA:58,4,0,0
BRDA:63,5,0,0
BRDA:63,6,0,0
BRDA:63,6,1,0
BRF:8
BRH:0
end_of_record
TN:
SF:src/services/api-gateway.ts
FN:22,(anonymous_1)
FN:38,(anonymous_2)
FN:43,(anonymous_3)
FN:52,(anonymous_4)
FN:61,(anonymous_5)
FN:71,(anonymous_6)
FN:84,(anonymous_7)
FN:97,(anonymous_8)
FN:110,(anonymous_9)
FN:124,(anonymous_10)
FN:137,(anonymous_11)
FN:151,(anonymous_12)
FN:161,(anonymous_13)
FN:177,(anonymous_14)
FN:253,(anonymous_15)
FN:262,(anonymous_16)
FN:271,(anonymous_17)
FN:282,(anonymous_18)
FN:309,(anonymous_19)
FN:327,(anonymous_20)
FN:344,(anonymous_21)
FN:345,(anonymous_22)
FN:355,(anonymous_23)
FN:356,(anonymous_24)
FNF:24
FNH:0
FNDA:0,(anonymous_1)
FNDA:0,(anonymous_2)
FNDA:0,(anonymous_3)
FNDA:0,(anonymous_4)
FNDA:0,(anonymous_5)
FNDA:0,(anonymous_6)
FNDA:0,(anonymous_7)
FNDA:0,(anonymous_8)
FNDA:0,(anonymous_9)
FNDA:0,(anonymous_10)
FNDA:0,(anonymous_11)
FNDA:0,(anonymous_12)
FNDA:0,(anonymous_13)
FNDA:0,(anonymous_14)
FNDA:0,(anonymous_15)
FNDA:0,(anonymous_16)
FNDA:0,(anonymous_17)
FNDA:0,(anonymous_18)
FNDA:0,(anonymous_19)
FNDA:0,(anonymous_20)
FNDA:0,(anonymous_21)
FNDA:0,(anonymous_22)
FNDA:0,(anonymous_23)
FNDA:0,(anonymous_24)
DA:6,0
DA:7,0
DA:8,0
DA:9,0
DA:10,0
DA:11,0
DA:12,0
DA:23,0
DA:24,0
DA:27,0
DA:30,0
DA:32,0
DA:40,0
DA:44,0
DA:45,0
DA:49,0
DA:53,0
DA:54,0
DA:58,0
DA:62,0
DA:63,0
DA:68,0
DA:72,0
DA:73,0
DA:81,0
DA:85,0
DA:86,0
DA:94,0
DA:98,0
DA:99,0
DA:107,0
DA:111,0
DA:112,0
DA:121,0
DA:125,0
DA:126,0
DA:134,0
DA:138,0
DA:139,0
DA:148,0
DA:152,0
DA:153,0
DA:158,0
DA:162,0
DA:163,0
DA:164,0
DA:166,0
DA:179,0
DA:247,0
DA:253,0
DA:263,0
DA:264,0
DA:272,0
DA:273,0
DA:283,0
DA:285,0
DA:286,0
DA:294,0
DA:296,0
DA:297,0
DA:299,0
DA:300,0
DA:310,0
DA:312,0
DA:313,0
DA:321,0
DA:324,0
DA:327,0
DA:328,0
DA:329,0
DA:333,0
DA:345,0
DA:356,0
DA:364,0
LF:74
LH:0
BRDA:128,0,0,0
BRDA:128,0,1,0
BRDA:163,1,0,0
BRDA:163,1,1,0
BRDA:285,2,0,0
BRDA:312,3,0,0
BRDA:328,4,0,0
BRF:7
BRH:0
end_of_record
TN:
SF:src/services/rate-limiter.ts
FN:24,(anonymous_1)
FN:54,(anonymous_2)
FN:140,(anonymous_3)
FN:193,(anonymous_4)
FN:205,(anonymous_5)
FN:213,(anonymous_6)
FN:222,(anonymous_7)
FN:253,(anonymous_8)
FN:263,(anonymous_9)
FN:295,(anonymous_10)
FN:300,(anonymous_11)
FN:324,(anonymous_12)
FN:336,(anonymous_13)
FN:341,(anonymous_14)
FN:355,(anonymous_15)
FN:365,(anonymous_16)
FN:374,(anonymous_17)
FNF:17
FNH:0
FNDA:0,(anonymous_1)
FNDA:0,(anonymous_2)
FNDA:0,(anonymous_3)
FNDA:0,(anonymous_4)
FNDA:0,(anonymous_5)
FNDA:0,(anonymous_6)
FNDA:0,(anonymous_7)
FNDA:0,(anonymous_8)
FNDA:0,(anonymous_9)
FNDA:0,(anonymous_10)
FNDA:0,(anonymous_11)
FNDA:0,(anonymous_12)
FNDA:0,(anonymous_13)
FNDA:0,(anonymous_14)
FNDA:0,(anonymous_15)
FNDA:0,(anonymous_16)
FNDA:0,(anonymous_17)
DA:6,0
DA:7,0
DA:8,0
DA:25,0
DA:26,0
DA:32,0
DA:33,0
DA:39,0
DA:49,0
DA:57,0
DA:58,0
DA:61,0
DA:62,0
DA:64,0
DA:67,0
DA:68,0
DA:69,0
DA:70,0
DA:74,0
DA:79,0
DA:80,0
DA:81,0
DA:90,0
DA:93,0
DA:94,0
DA:97,0
DA:99,0
DA:100,0
DA:109,0
DA:111,0
DA:112,0
DA:121,0
DA:123,0
DA:124,0
DA:141,0
DA:144,0
DA:145,0
DA:148,0
DA:149,0
DA:156,0
DA:159,0
DA:161,0
DA:162,0
DA:163,0
DA:168,0
DA:170,0
DA:171,0
DA:172,0
DA:177,0
DA:178,0
DA:179,0
DA:180,0
DA:185,0
DA:195,0
DA:196,0
DA:197,0
DA:206,0
DA:214,0
DA:223,0
DA:225,0
DA:228,0
DA:229,0
DA:230,0
DA:234,0
DA:235,0
DA:236,0
DA:240,0
DA:241,0
DA:242,0
DA:246,0
DA:254,0
DA:264,0
DA:265,0
DA:268,0
DA:269,0
DA:270,0
DA:278,0
DA:279,0
DA:283,0
DA:284,0
DA:287,0
DA:290,0
DA:291,0
DA:294,0
DA:295,0
DA:299,0
DA:300,0
DA:305,0
DA:306,0
DA:307,0
DA:310,0
DA:311,0
DA:312,0
DA:315,0
DA:325,0
DA:326,0
DA:328,0
DA:330,0
DA:331,0
DA:332,0
DA:335,0
DA:336,0
DA:340,0
DA:341,0
DA:345,0
DA:356,0
DA:357,0
DA:366,0
DA:367,0
DA:375,0
DA:380,0
LF:111
LH:0
BRDA:61,0,0,0
BRDA:61,1,0,0
BRDA:61,1,1,0
BRDA:67,2,0,0
BRDA:79,3,0,0
BRDA:93,4,0,0
BRDA:93,5,0,0
BRDA:93,5,1,0
BRDA:97,6,0,0
BRDA:97,7,0,0
BRDA:97,7,1,0
BRDA:97,7,2,0
BRDA:109,8,0,0
BRDA:109,9,0,0
BRDA:109,9,1,0
BRDA:109,9,2,0
BRDA:121,10,0,0
BRDA:121,11,0,0
BRDA:121,11,1,0
BRDA:121,11,2,0
BRDA:141,12,0,0
BRDA:141,13,0,0
BRDA:141,13,1,0
BRDA:144,14,0,0
BRDA:144,14,1,0
BRDA:145,15,0,0
BRDA:148,16,0,0
BRDA:159,17,0,0
BRDA:159,18,0,0
BRDA:159,18,1,0
BRDA:162,19,0,0
BRDA:168,20,0,0
BRDA:168,21,0,0
BRDA:168,21,1,0
BRDA:171,22,0,0
BRDA:177,23,0,0
BRDA:178,24,0,0
BRDA:178,24,1,0
BRDA:179,25,0,0
BRDA:195,26,0,0
BRDA:196,27,0,0
BRDA:206,28,0,0
BRDA:206,28,1,0
BRDA:223,29,0,0
BRDA:223,30,0,0
BRDA:223,30,1,0
BRDA:228,31,0,0
BRDA:228,32,0,0
BRDA:228,32,1,0
BRDA:234,33,0,0
BRDA:234,34,0,0
BRDA:234,34,1,0
BRDA:240,35,0,0
BRDA:240,36,0,0
BRDA:240,36,1,0
BRDA:269,37,0,0
BRDA:278,38,0,0
BRDA:295,39,0,0
BRDA:295,39,1,0
BRDA:295,39,2,0
BRDA:300,40,0,0
BRDA:300,40,1,0
BRDA:300,40,2,0
BRDA:305,41,0,0
BRDA:310,42,0,0
BRDA:328,43,0,0
BRDA:336,44,0,0
BRDA:336,44,1,0
BRDA:336,44,2,0
BRDA:341,45,0,0
BRDA:341,45,1,0
BRDA:341,45,2,0
BRDA:345,46,0,0
BRDA:345,46,1,0
BRDA:357,47,0,0
BRDA:357,47,1,0
BRF:76
BRH:0
end_of_record
TN:
SF:src/utils/logger.ts
FN:33,(anonymous_1)
FN:42,(anonymous_2)
FN:54,(anonymous_3)
FN:62,(anonymous_4)
FN:82,(anonymous_5)
FNF:5
FNH:0
FNDA:0,(anonymous_1)
FNDA:0,(anonymous_2)
FNDA:0,(anonymous_3)
FNDA:0,(anonymous_4)
FNDA:0,(anonymous_5)
DA:6,0
DA:7,0
DA:13,0
DA:33,0
DA:35,0
DA:36,0
DA:40,0
DA:41,0
DA:42,0
DA:43,0
DA:45,0
DA:49,0
DA:51,0
DA:54,0
DA:56,0
DA:57,0
DA:60,0
DA:61,0
DA:62,0
DA:63,0
DA:65,0
DA:66,0
DA:67,0
DA:71,0
DA:74,0
DA:80,0
DA:84,0
DA:85,0
DA:96,0
DA:111,0
DA:128,0
LF:31
LH:0
BRDA:35,0,0,0
BRDA:35,1,0,0
BRDA:35,1,1,0
BRDA:40,2,0,0
BRDA:49,3,0,0
BRDA:56,4,0,0
BRDA:56,5,0,0
BRDA:56,5,1,0
BRDA:60,6,0,0
BRDA:60,6,1,0
BRDA:66,7,0,0
BRDA:66,8,0,0
BRDA:66,8,1,0
BRDA:86,9,0,0
BRDA:86,9,1,0
BRDA:96,10,0,0
BRDA:96,10,1,0
BRF:17
BRH:0
end_of_record
TN:
SF:src/utils/sanitizer.ts
FN:67,(anonymous_1)
FN:77,(anonymous_2)
FN:114,(anonymous_3)
FN:155,(anonymous_4)
FN:156,(anonymous_5)
FN:165,(anonymous_6)
FN:195,(anonymous_7)
FN:196,(anonymous_8)
FN:210,sanitize
FN:219,createSanitizer
FN:228,sanitizeRequestBody
FNF:11
FNH:0
FNDA:0,(anonymous_1)
FNDA:0,(anonymous_2)
FNDA:0,(anonymous_3)
FNDA:0,(anonymous_4)
FNDA:0,(anonymous_5)
FNDA:0,(anonymous_6)
FNDA:0,(anonymous_7)
FNDA:0,(anonymous_8)
FNDA:0,sanitize
FNDA:0,createSanitizer
FNDA:0,sanitizeRequestBody
DA:6,0
DA:7,0
DA:52,0
DA:64,0
DA:68,0
DA:79,0
DA:80,0
DA:81,0
DA:85,0
DA:86,0
DA:89,0
DA:90,0
DA:93,0
DA:94,0
DA:97,0
DA:98,0
DA:101,0
DA:102,0
DA:106,0
DA:115,0
DA:118,0
DA:119,0
DA:120,0
DA:124,0
DA:125,0
DA:129,0
DA:130,0
DA:131,0
DA:132,0
DA:136,0
DA:137,0
DA:146,0
DA:156,0
DA:166,0
DA:168,0
DA:170,0
DA:171,0
DA:172,0
DA:176,0
DA:177,0
DA:178,0
DA:182,0
DA:185,0
DA:188,0
DA:196,0
DA:203,0
DA:210,0
DA:211,0
DA:219,0
DA:220,0
DA:228,0
DA:229,0
DA:238,0
DA:241,0
LF:54
LH:0
BRDA:67,0,0,0
BRDA:77,1,0,0
BRDA:79,2,0,0
BRDA:85,3,0,0
BRDA:85,4,0,0
BRDA:85,4,1,0
BRDA:89,5,0,0
BRDA:93,6,0,0
BRDA:93,7,0,0
BRDA:93,7,1,0
BRDA:97,8,0,0
BRDA:101,9,0,0
BRDA:118,10,0,0
BRDA:118,11,0,0
BRDA:118,11,1,0
BRDA:124,12,0,0
BRDA:129,13,0,0
BRDA:136,14,0,0
BRDA:170,15,0,0
BRDA:176,16,0,0
BRDA:176,17,0,0
BRDA:176,17,1,0
BRF:22
BRH:0
end_of_record
